In file included from /usr/include/signal.h:32:0,
                 from singals.c:3:
/usr/include/x86_64-linux-gnu/bits/sigset.h: In function ‘child_signal_handler’:
/usr/include/x86_64-linux-gnu/bits/sigset.h:22:1: error: expected ‘=’, ‘,’, ‘;’, ‘asm’ or ‘__attribute__’ before ‘typedef’
 typedef int __sig_atomic_t;
 ^
/usr/include/x86_64-linux-gnu/bits/sigset.h:30:5: error: storage class specified for parameter ‘__sigset_t’
   } __sigset_t;
     ^
/usr/include/x86_64-linux-gnu/bits/sigset.h:102:44: error: expected ‘;’, ‘,’ or ‘)’ before ‘*’ token
 extern int __sigismember (const __sigset_t *, int);
                                            ^
/usr/include/x86_64-linux-gnu/bits/sigset.h:103:25: error: expected declaration specifiers or ‘...’ before ‘__sigset_t’
 extern int __sigaddset (__sigset_t *, int);
                         ^
/usr/include/x86_64-linux-gnu/bits/sigset.h:104:25: error: expected declaration specifiers or ‘...’ before ‘__sigset_t’
 extern int __sigdelset (__sigset_t *, int);
                         ^
In file included from singals.c:3:0:
/usr/include/signal.h:40:1: error: unknown type name ‘__sig_atomic_t’
 typedef __sig_atomic_t sig_atomic_t;
 ^
/usr/include/signal.h:40:24: error: storage class specified for parameter ‘sig_atomic_t’
 typedef __sig_atomic_t sig_atomic_t;
                        ^
/usr/include/signal.h:49:20: error: expected ‘=’, ‘,’, ‘;’, ‘asm’ or ‘__attribute__’ before ‘sigset_t’
 typedef __sigset_t sigset_t;
                    ^
In file included from /usr/include/signal.h:56:0,
                 from singals.c:3:
/usr/include/x86_64-linux-gnu/bits/types.h:30:23: error: storage class specified for parameter ‘__u_char’
 typedef unsigned char __u_char;
                       ^
/usr/include/x86_64-linux-gnu/bits/types.h:31:28: error: storage class specified for parameter ‘__u_short’
 typedef unsigned short int __u_short;
                            ^
/usr/include/x86_64-linux-gnu/bits/types.h:32:22: error: storage class specified for parameter ‘__u_int’
 typedef unsigned int __u_int;
                      ^
/usr/include/x86_64-linux-gnu/bits/types.h:33:27: error: storage class specified for parameter ‘__u_long’
 typedef unsigned long int __u_long;
                           ^
/usr/include/x86_64-linux-gnu/bits/types.h:36:21: error: storage class specified for parameter ‘__int8_t’
 typedef signed char __int8_t;
                     ^
/usr/include/x86_64-linux-gnu/bits/types.h:37:23: error: storage class specified for parameter ‘__uint8_t’
 typedef unsigned char __uint8_t;
                       ^
/usr/include/x86_64-linux-gnu/bits/types.h:38:26: error: storage class specified for parameter ‘__int16_t’
 typedef signed short int __int16_t;
                          ^
/usr/include/x86_64-linux-gnu/bits/types.h:39:28: error: storage class specified for parameter ‘__uint16_t’
 typedef unsigned short int __uint16_t;
                            ^
/usr/include/x86_64-linux-gnu/bits/types.h:40:20: error: storage class specified for parameter ‘__int32_t’
 typedef signed int __int32_t;
                    ^
/usr/include/x86_64-linux-gnu/bits/types.h:41:22: error: storage class specified for parameter ‘__uint32_t’
 typedef unsigned int __uint32_t;
                      ^
/usr/include/x86_64-linux-gnu/bits/types.h:43:25: error: storage class specified for parameter ‘__int64_t’
 typedef signed long int __int64_t;
                         ^
/usr/include/x86_64-linux-gnu/bits/types.h:44:27: error: storage class specified for parameter ‘__uint64_t’
 typedef unsigned long int __uint64_t;
                           ^
/usr/include/x86_64-linux-gnu/bits/types.h:52:18: error: storage class specified for parameter ‘__quad_t’
 typedef long int __quad_t;
                  ^
/usr/include/x86_64-linux-gnu/bits/types.h:53:27: error: storage class specified for parameter ‘__u_quad_t’
 typedef unsigned long int __u_quad_t;
                           ^
In file included from /usr/include/signal.h:56:0,
                 from singals.c:3:
/usr/include/x86_64-linux-gnu/bits/types.h:124:25: error: storage class specified for parameter ‘__dev_t’
 __STD_TYPE __DEV_T_TYPE __dev_t; /* Type of device numbers.  */
                         ^
/usr/include/x86_64-linux-gnu/bits/types.h:125:25: error: storage class specified for parameter ‘__uid_t’
 __STD_TYPE __UID_T_TYPE __uid_t; /* Type of user identifications.  */
                         ^
/usr/include/x86_64-linux-gnu/bits/types.h:126:25: error: storage class specified for parameter ‘__gid_t’
 __STD_TYPE __GID_T_TYPE __gid_t; /* Type of group identifications.  */
                         ^
/usr/include/x86_64-linux-gnu/bits/types.h:127:25: error: storage class specified for parameter ‘__ino_t’
 __STD_TYPE __INO_T_TYPE __ino_t; /* Type of file serial numbers.  */
                         ^
/usr/include/x86_64-linux-gnu/bits/types.h:128:27: error: storage class specified for parameter ‘__ino64_t’
 __STD_TYPE __INO64_T_TYPE __ino64_t; /* Type of file serial numbers (LFS).*/
                           ^
/usr/include/x86_64-linux-gnu/bits/types.h:129:26: error: storage class specified for parameter ‘__mode_t’
 __STD_TYPE __MODE_T_TYPE __mode_t; /* Type of file attribute bitmasks.  */
                          ^
/usr/include/x86_64-linux-gnu/bits/types.h:130:27: error: storage class specified for parameter ‘__nlink_t’
 __STD_TYPE __NLINK_T_TYPE __nlink_t; /* Type of file link counts.  */
                           ^
/usr/include/x86_64-linux-gnu/bits/types.h:131:25: error: storage class specified for parameter ‘__off_t’
 __STD_TYPE __OFF_T_TYPE __off_t; /* Type of file sizes and offsets.  */
                         ^
/usr/include/x86_64-linux-gnu/bits/types.h:132:27: error: storage class specified for parameter ‘__off64_t’
 __STD_TYPE __OFF64_T_TYPE __off64_t; /* Type of file sizes and offsets (LFS).  */
                           ^
/usr/include/x86_64-linux-gnu/bits/types.h:133:25: error: storage class specified for parameter ‘__pid_t’
 __STD_TYPE __PID_T_TYPE __pid_t; /* Type of process identifications.  */
                         ^
/usr/include/x86_64-linux-gnu/bits/types.h:134:26: error: storage class specified for parameter ‘__fsid_t’
 __STD_TYPE __FSID_T_TYPE __fsid_t; /* Type of file system IDs.  */
                          ^
/usr/include/x86_64-linux-gnu/bits/types.h:135:27: error: storage class specified for parameter ‘__clock_t’
 __STD_TYPE __CLOCK_T_TYPE __clock_t; /* Type of CPU usage counts.  */
                           ^
/usr/include/x86_64-linux-gnu/bits/types.h:136:26: error: storage class specified for parameter ‘__rlim_t’
 __STD_TYPE __RLIM_T_TYPE __rlim_t; /* Type for resource measurement.  */
                          ^
/usr/include/x86_64-linux-gnu/bits/types.h:137:28: error: storage class specified for parameter ‘__rlim64_t’
 __STD_TYPE __RLIM64_T_TYPE __rlim64_t; /* Type for resource measurement (LFS).  */
                            ^
/usr/include/x86_64-linux-gnu/bits/types.h:138:24: error: storage class specified for parameter ‘__id_t’
 __STD_TYPE __ID_T_TYPE __id_t;  /* General type for IDs.  */
                        ^
/usr/include/x86_64-linux-gnu/bits/types.h:139:26: error: storage class specified for parameter ‘__time_t’
 __STD_TYPE __TIME_T_TYPE __time_t; /* Seconds since the Epoch.  */
                          ^
/usr/include/x86_64-linux-gnu/bits/types.h:140:30: error: storage class specified for parameter ‘__useconds_t’
 __STD_TYPE __USECONDS_T_TYPE __useconds_t; /* Count of microseconds.  */
                              ^
/usr/include/x86_64-linux-gnu/bits/types.h:141:31: error: storage class specified for parameter ‘__suseconds_t’
 __STD_TYPE __SUSECONDS_T_TYPE __suseconds_t; /* Signed count of microseconds.  */
                               ^
/usr/include/x86_64-linux-gnu/bits/types.h:143:27: error: storage class specified for parameter ‘__daddr_t’
 __STD_TYPE __DADDR_T_TYPE __daddr_t; /* The type of a disk address.  */
                           ^
/usr/include/x86_64-linux-gnu/bits/types.h:144:25: error: storage class specified for parameter ‘__key_t’
 __STD_TYPE __KEY_T_TYPE __key_t; /* Type of an IPC key.  */
                         ^
/usr/include/x86_64-linux-gnu/bits/types.h:147:29: error: storage class specified for parameter ‘__clockid_t’
 __STD_TYPE __CLOCKID_T_TYPE __clockid_t;
                             ^
/usr/include/x86_64-linux-gnu/bits/types.h:150:27: error: storage class specified for parameter ‘__timer_t’
 __STD_TYPE __TIMER_T_TYPE __timer_t;
                           ^
/usr/include/x86_64-linux-gnu/bits/types.h:153:29: error: storage class specified for parameter ‘__blksize_t’
 __STD_TYPE __BLKSIZE_T_TYPE __blksize_t;
                             ^
/usr/include/x86_64-linux-gnu/bits/types.h:158:28: error: storage class specified for parameter ‘__blkcnt_t’
 __STD_TYPE __BLKCNT_T_TYPE __blkcnt_t;
                            ^
/usr/include/x86_64-linux-gnu/bits/types.h:159:30: error: storage class specified for parameter ‘__blkcnt64_t’
 __STD_TYPE __BLKCNT64_T_TYPE __blkcnt64_t;
                              ^
/usr/include/x86_64-linux-gnu/bits/types.h:162:30: error: storage class specified for parameter ‘__fsblkcnt_t’
 __STD_TYPE __FSBLKCNT_T_TYPE __fsblkcnt_t;
                              ^
/usr/include/x86_64-linux-gnu/bits/types.h:163:32: error: storage class specified for parameter ‘__fsblkcnt64_t’
 __STD_TYPE __FSBLKCNT64_T_TYPE __fsblkcnt64_t;
                                ^
/usr/include/x86_64-linux-gnu/bits/types.h:166:30: error: storage class specified for parameter ‘__fsfilcnt_t’
 __STD_TYPE __FSFILCNT_T_TYPE __fsfilcnt_t;
                              ^
/usr/include/x86_64-linux-gnu/bits/types.h:167:32: error: storage class specified for parameter ‘__fsfilcnt64_t’
 __STD_TYPE __FSFILCNT64_T_TYPE __fsfilcnt64_t;
                                ^
/usr/include/x86_64-linux-gnu/bits/types.h:170:28: error: storage class specified for parameter ‘__fsword_t’
 __STD_TYPE __FSWORD_T_TYPE __fsword_t;
                            ^
/usr/include/x86_64-linux-gnu/bits/types.h:172:27: error: storage class specified for parameter ‘__ssize_t’
 __STD_TYPE __SSIZE_T_TYPE __ssize_t; /* Type of a byte count, or error.  */
                           ^
/usr/include/x86_64-linux-gnu/bits/types.h:175:33: error: storage class specified for parameter ‘__syscall_slong_t’
 __STD_TYPE __SYSCALL_SLONG_TYPE __syscall_slong_t;
                                 ^
/usr/include/x86_64-linux-gnu/bits/types.h:177:33: error: storage class specified for parameter ‘__syscall_ulong_t’
 __STD_TYPE __SYSCALL_ULONG_TYPE __syscall_ulong_t;
                                 ^
/usr/include/x86_64-linux-gnu/bits/types.h:181:19: error: expected ‘=’, ‘,’, ‘;’, ‘asm’ or ‘__attribute__’ before ‘__loff_t’
 typedef __off64_t __loff_t; /* Type of file sizes and offsets (LFS).  */
                   ^
/usr/include/x86_64-linux-gnu/bits/types.h:182:18: error: expected ‘=’, ‘,’, ‘;’, ‘asm’ or ‘__attribute__’ before ‘*’ token
 typedef __quad_t *__qaddr_t;
                  ^
/usr/include/x86_64-linux-gnu/bits/types.h:183:15: error: storage class specified for parameter ‘__caddr_t’
 typedef char *__caddr_t;
               ^
/usr/include/x86_64-linux-gnu/bits/types.h:186:25: error: storage class specified for parameter ‘__intptr_t’
 __STD_TYPE __SWORD_TYPE __intptr_t;
                         ^
/usr/include/x86_64-linux-gnu/bits/types.h:189:23: error: storage class specified for parameter ‘__socklen_t’
 __STD_TYPE __U32_TYPE __socklen_t;
                       ^
In file included from singals.c:3:0:
/usr/include/signal.h:61:17: error: expected ‘=’, ‘,’, ‘;’, ‘asm’ or ‘__attribute__’ before ‘pid_t’
 typedef __pid_t pid_t;
                 ^
/usr/include/signal.h:67:17: error: expected ‘=’, ‘,’, ‘;’, ‘asm’ or ‘__attribute__’ before ‘uid_t’
 typedef __uid_t uid_t;
                 ^
In file included from /usr/include/signal.h:75:0,
                 from singals.c:3:
/usr/include/time.h:122:5: error: expected specifier-qualifier-list before ‘__time_t’
     __time_t tv_sec;  /* Seconds.  */
     ^
In file included from /usr/include/signal.h:80:0,
                 from singals.c:3:
/usr/include/x86_64-linux-gnu/bits/siginfo.h:36:5: error: storage class specified for parameter ‘sigval_t’
   } sigval_t;
     ^
/usr/include/x86_64-linux-gnu/bits/siginfo.h:58:19: error: expected ‘=’, ‘,’, ‘;’, ‘asm’ or ‘__attribute__’ before ‘__sigchld_clock_t’
 typedef __clock_t __sigchld_clock_t;
                   ^
/usr/include/x86_64-linux-gnu/bits/siginfo.h:76:6: error: expected specifier-qualifier-list before ‘__pid_t’
      __pid_t si_pid; /* Sending process ID.  */
      ^
/usr/include/x86_64-linux-gnu/bits/siginfo.h:85:6: error: expected specifier-qualifier-list before ‘sigval_t’
      sigval_t si_sigval; /* Signal value.  */
      ^
/usr/include/x86_64-linux-gnu/bits/siginfo.h:91:6: error: expected specifier-qualifier-list before ‘__pid_t’
      __pid_t si_pid; /* Sending process ID.  */
      ^
/usr/include/x86_64-linux-gnu/bits/siginfo.h:99:6: error: expected specifier-qualifier-list before ‘__pid_t’
      __pid_t si_pid; /* Which child.  */
      ^
/usr/include/x86_64-linux-gnu/bits/siginfo.h:128:5: error: storage class specified for parameter ‘siginfo_t’
   } siginfo_t __SI_ALIGNMENT;
     ^
/usr/include/x86_64-linux-gnu/bits/siginfo.h:303:30: error: storage class specified for parameter ‘pthread_attr_t’
 typedef union pthread_attr_t pthread_attr_t;
                              ^
/usr/include/x86_64-linux-gnu/bits/siginfo.h:309:5: error: expected specifier-qualifier-list before ‘sigval_t’
     sigval_t sigev_value;
     ^
/usr/include/x86_64-linux-gnu/bits/siginfo.h:327:5: error: storage class specified for parameter ‘sigevent_t’
   } sigevent_t;
     ^
In file included from singals.c:3:0:
/usr/include/signal.h:85:16: error: storage class specified for parameter ‘__sighandler_t’
 typedef void (*__sighandler_t) (int);
                ^
/usr/include/signal.h:90:23: error: expected ‘=’, ‘,’, ‘;’, ‘asm’ or ‘__attribute__’ before ‘__sysv_signal’
 extern __sighandler_t __sysv_signal (int __sig, __sighandler_t __handler)
                       ^
/usr/include/signal.h:102:23: error: expected ‘=’, ‘,’, ‘;’, ‘asm’ or ‘__attribute__’ before ‘signal’
 extern __sighandler_t signal (int __sig, __sighandler_t __handler)
                       ^
/usr/include/signal.h:127:18: error: expected declaration specifiers or ‘...’ before ‘__pid_t’
 extern int kill (__pid_t __pid, int __sig) __THROW;
                  ^
/usr/include/signal.h:134:20: error: expected declaration specifiers or ‘...’ before ‘__pid_t’
 extern int killpg (__pid_t __pgrp, int __sig) __THROW;
                    ^
/usr/include/signal.h:139:12: error: storage class specified for parameter ‘raise’
 extern int raise (int __sig) __THROW;
            ^
/usr/include/signal.h:144:23: error: expected ‘=’, ‘,’, ‘;’, ‘asm’ or ‘__attribute__’ before ‘ssignal’
 extern __sighandler_t ssignal (int __sig, __sighandler_t __handler)
                       ^
/usr/include/signal.h:146:12: error: storage class specified for parameter ‘gsignal’
 extern int gsignal (int __sig) __THROW;
            ^
/usr/include/signal.h:151:13: error: storage class specified for parameter ‘psignal’
 extern void psignal (int __sig, const char *__s);
             ^
/usr/include/signal.h:156:39: error: expected ‘;’, ‘,’ or ‘)’ before ‘*’ token
 extern void psiginfo (const siginfo_t *__pinfo, const char *__s);
                                       ^
/usr/include/signal.h:167:12: error: storage class specified for parameter ‘__sigpause’
 extern int __sigpause (int __sig_or_mask, int __is_sig);
            ^
/usr/include/signal.h:189:12: error: storage class specified for parameter ‘sigblock’
 extern int sigblock (int __mask) __THROW __attribute_deprecated__;
            ^
/usr/include/signal.h:192:12: error: storage class specified for parameter ‘sigsetmask’
 extern int sigsetmask (int __mask) __THROW __attribute_deprecated__;
            ^
/usr/include/signal.h:195:12: error: storage class specified for parameter ‘siggetmask’
 extern int siggetmask (void) __THROW __attribute_deprecated__;
            ^
/usr/include/signal.h:209:24: error: expected ‘=’, ‘,’, ‘;’, ‘asm’ or ‘__attribute__’ before ‘sig_t’
 typedef __sighandler_t sig_t;
                        ^
/usr/include/signal.h:215:25: error: unknown type name ‘sigset_t’
 extern int sigemptyset (sigset_t *__set) __THROW __nonnull ((1));
                         ^
/usr/include/signal.h:218:24: error: unknown type name ‘sigset_t’
 extern int sigfillset (sigset_t *__set) __THROW __nonnull ((1));
                        ^
/usr/include/signal.h:221:23: error: unknown type name ‘sigset_t’
 extern int sigaddset (sigset_t *__set, int __signo) __THROW __nonnull ((1));
                       ^
/usr/include/signal.h:224:23: error: unknown type name ‘sigset_t’
 extern int sigdelset (sigset_t *__set, int __signo) __THROW __nonnull ((1));
                       ^
/usr/include/signal.h:227:1: error: unknown type name ‘sigset_t’
 extern int sigismember (const sigset_t *__set, int __signo)
 ^
/usr/include/signal.h:227:12: error: storage class specified for parameter ‘sigismember’
 extern int sigismember (const sigset_t *__set, int __signo)
            ^
In file included from /usr/include/signal.h:245:0,
                 from singals.c:3:
/usr/include/x86_64-linux-gnu/bits/sigaction.h:31:2: error: expected specifier-qualifier-list before ‘__sighandler_t’
  __sighandler_t sa_handler;
  ^
/usr/include/x86_64-linux-gnu/bits/sigaction.h:43:5: error: expected specifier-qualifier-list before ‘__sigset_t’
     __sigset_t sa_mask;
     ^
In file included from singals.c:3:0:
/usr/include/signal.h:248:1: error: unknown type name ‘sigset_t’
 extern int sigprocmask (int __how, const sigset_t *__restrict __set,
 ^
/usr/include/signal.h:249:4: error: unknown type name ‘sigset_t’
    sigset_t *__restrict __oset) __THROW;
    ^
/usr/include/signal.h:256:1: error: unknown type name ‘sigset_t’
 extern int sigsuspend (const sigset_t *__set) __nonnull ((1));
 ^
/usr/include/signal.h:256:12: error: storage class specified for parameter ‘sigsuspend’
 extern int sigsuspend (const sigset_t *__set) __nonnull ((1));
            ^
/usr/include/signal.h:259:12: error: storage class specified for parameter ‘sigaction’
 extern int sigaction (int __sig, const struct sigaction *__restrict __act,
            ^
/usr/include/signal.h:263:24: error: unknown type name ‘sigset_t’
 extern int sigpending (sigset_t *__set) __THROW __nonnull ((1));
                        ^
/usr/include/signal.h:270:1: error: unknown type name ‘sigset_t’
 extern int sigwait (const sigset_t *__restrict __set, int *__restrict __sig)
 ^
/usr/include/signal.h:270:12: error: storage class specified for parameter ‘sigwait’
 extern int sigwait (const sigset_t *__restrict __set, int *__restrict __sig)
            ^
/usr/include/signal.h:278:1: error: unknown type name ‘sigset_t’
 extern int sigwaitinfo (const sigset_t *__restrict __set,
 ^
/usr/include/signal.h:279:4: error: expected declaration specifiers or ‘...’ before ‘siginfo_t’
    siginfo_t *__restrict __info) __nonnull ((1));
    ^
/usr/include/signal.h:286:1: error: unknown type name ‘sigset_t’
 extern int sigtimedwait (const sigset_t *__restrict __set,
 ^
/usr/include/signal.h:287:5: error: expected declaration specifiers or ‘...’ before ‘siginfo_t’
     siginfo_t *__restrict __info,
     ^
/usr/include/signal.h:293:22: error: expected declaration specifiers or ‘...’ before ‘__pid_t’
 extern int sigqueue (__pid_t __pid, int __sig, const union sigval __val)
                      ^
/usr/include/signal.h:303:26: error: storage class specified for parameter ‘_sys_siglist’
 extern const char *const _sys_siglist[_NSIG];
                          ^
/usr/include/signal.h:304:26: error: storage class specified for parameter ‘sys_siglist’
 extern const char *const sys_siglist[_NSIG];
                          ^
/usr/include/signal.h:309:5: error: expected specifier-qualifier-list before ‘__sighandler_t’
     __sighandler_t sv_handler; /* Signal handler.  */
     ^
/usr/include/signal.h:327:12: error: storage class specified for parameter ‘sigvec’
 extern int sigvec (int __sig, const struct sigvec *__vec,
            ^
In file included from /usr/include/signal.h:332:0,
                 from singals.c:3:
/usr/include/x86_64-linux-gnu/bits/sigcontext.h:31:3: error: expected specifier-qualifier-list before ‘__uint32_t’
   __uint32_t magic1;
   ^
/usr/include/x86_64-linux-gnu/bits/sigcontext.h:53:3: error: expected specifier-qualifier-list before ‘__uint32_t’
   __uint32_t element[4];
   ^
/usr/include/x86_64-linux-gnu/bits/sigcontext.h:124:3: error: expected specifier-qualifier-list before ‘__uint16_t’
   __uint16_t  cwd;
   ^
/usr/include/x86_64-linux-gnu/bits/sigcontext.h:139:3: error: expected specifier-qualifier-list before ‘__uint64_t’
   __uint64_t r8;
   ^
/usr/include/x86_64-linux-gnu/bits/sigcontext.h:177:3: error: expected specifier-qualifier-list before ‘__uint64_t’
   __uint64_t xstate_bv;
   ^
/usr/include/x86_64-linux-gnu/bits/sigcontext.h:184:3: error: expected specifier-qualifier-list before ‘__uint32_t’
   __uint32_t ymmh_space[64];
   ^
In file included from singals.c:3:0:
/usr/include/signal.h:335:12: error: storage class specified for parameter ‘sigreturn’
 extern int sigreturn (struct sigcontext *__scp) __THROW;
            ^
In file included from /usr/include/signal.h:342:0,
                 from singals.c:3:
/usr/lib/gcc/x86_64-linux-gnu/4.8/include/stddef.h:212:23: error: storage class specified for parameter ‘size_t’
 typedef __SIZE_TYPE__ size_t;
                       ^
In file included from singals.c:3:0:
/usr/include/signal.h:347:12: error: storage class specified for parameter ‘siginterrupt’
 extern int siginterrupt (int __sig, int __interrupt) __THROW;
            ^
In file included from /usr/include/signal.h:349:0,
                 from singals.c:3:
/usr/include/x86_64-linux-gnu/bits/sigstack.h:53:5: error: expected specifier-qualifier-list before ‘size_t’
     size_t ss_size;
     ^
/usr/include/x86_64-linux-gnu/bits/sigstack.h:54:5: error: storage class specified for parameter ‘stack_t’
   } stack_t;
     ^
In file included from /usr/include/signal.h:352:0,
                 from singals.c:3:
/usr/include/x86_64-linux-gnu/sys/ucontext.h:31:1: error: expected declaration specifiers before ‘__extension__’
 __extension__ typedef long long int greg_t;
 ^
/usr/include/x86_64-linux-gnu/sys/ucontext.h:37:1: error: unknown type name ‘greg_t’
 typedef greg_t gregset_t[NGREG];
 ^
/usr/include/x86_64-linux-gnu/sys/ucontext.h:37:16: error: storage class specified for parameter ‘gregset_t’
 typedef greg_t gregset_t[NGREG];
                ^
/usr/include/x86_64-linux-gnu/sys/ucontext.h:101:3: error: expected specifier-qualifier-list before ‘__uint32_t’
   __uint32_t element[4];
   ^
/usr/include/x86_64-linux-gnu/sys/ucontext.h:107:3: error: expected specifier-qualifier-list before ‘__uint16_t’
   __uint16_t  cwd;
   ^
/usr/include/x86_64-linux-gnu/sys/ucontext.h:121:31: error: storage class specified for parameter ‘fpregset_t’
 typedef struct _libc_fpstate *fpregset_t;
                               ^
/usr/include/x86_64-linux-gnu/sys/ucontext.h:126:5: error: expected specifier-qualifier-list before ‘gregset_t’
     gregset_t gregs;
     ^
/usr/include/x86_64-linux-gnu/sys/ucontext.h:130:3: error: storage class specified for parameter ‘mcontext_t’
 } mcontext_t;
   ^
/usr/include/x86_64-linux-gnu/sys/ucontext.h:137:5: error: expected specifier-qualifier-list before ‘stack_t’
     stack_t uc_stack;
     ^
/usr/include/x86_64-linux-gnu/sys/ucontext.h:141:5: error: storage class specified for parameter ‘ucontext_t’
   } ucontext_t;
     ^
In file included from singals.c:3:0:
/usr/include/signal.h:358:12: error: storage class specified for parameter ‘sigstack’
 extern int sigstack (struct sigstack *__ss, struct sigstack *__oss)
            ^
/usr/include/signal.h:363:12: error: storage class specified for parameter ‘sigaltstack’
 extern int sigaltstack (const struct sigaltstack *__restrict __ss,
            ^
In file included from /usr/include/signal.h:387:0,
                 from singals.c:3:
/usr/include/x86_64-linux-gnu/bits/pthreadtypes.h:60:27: error: storage class specified for parameter ‘pthread_t’
 typedef unsigned long int pthread_t;
                           ^
/usr/include/x86_64-linux-gnu/bits/pthreadtypes.h:79:3: error: storage class specified for parameter ‘__pthread_list_t’
 } __pthread_list_t;
   ^
/usr/include/x86_64-linux-gnu/bits/pthreadtypes.h:106:5: error: expected specifier-qualifier-list before ‘__pthread_list_t’
     __pthread_list_t __list;
     ^
/usr/include/x86_64-linux-gnu/bits/pthreadtypes.h:127:3: error: storage class specified for parameter ‘pthread_mutex_t’
 } pthread_mutex_t;
   ^
/usr/include/x86_64-linux-gnu/bits/pthreadtypes.h:133:3: error: storage class specified for parameter ‘pthread_mutexattr_t’
 } pthread_mutexattr_t;
   ^
/usr/include/x86_64-linux-gnu/bits/pthreadtypes.h:153:3: error: storage class specified for parameter ‘pthread_cond_t’
 } pthread_cond_t;
   ^
/usr/include/x86_64-linux-gnu/bits/pthreadtypes.h:159:3: error: storage class specified for parameter ‘pthread_condattr_t’
 } pthread_condattr_t;
   ^
/usr/include/x86_64-linux-gnu/bits/pthreadtypes.h:163:22: error: storage class specified for parameter ‘pthread_key_t’
 typedef unsigned int pthread_key_t;
                      ^
/usr/include/x86_64-linux-gnu/bits/pthreadtypes.h:167:13: error: storage class specified for parameter ‘pthread_once_t’
 typedef int pthread_once_t;
             ^
/usr/include/x86_64-linux-gnu/bits/pthreadtypes.h:213:3: error: storage class specified for parameter ‘pthread_rwlock_t’
 } pthread_rwlock_t;
   ^
/usr/include/x86_64-linux-gnu/bits/pthreadtypes.h:219:3: error: storage class specified for parameter ‘pthread_rwlockattr_t’
 } pthread_rwlockattr_t;
   ^
/usr/include/x86_64-linux-gnu/bits/pthreadtypes.h:225:22: error: storage class specified for parameter ‘pthread_spinlock_t’
 typedef volatile int pthread_spinlock_t;
                      ^
/usr/include/x86_64-linux-gnu/bits/pthreadtypes.h:234:3: error: storage class specified for parameter ‘pthread_barrier_t’
 } pthread_barrier_t;
   ^
/usr/include/x86_64-linux-gnu/bits/pthreadtypes.h:240:3: error: storage class specified for parameter ‘pthread_barrierattr_t’
 } pthread_barrierattr_t;
   ^
In file included from /usr/include/signal.h:388:0,
                 from singals.c:3:
/usr/include/x86_64-linux-gnu/bits/sigthread.h:31:25: error: expected ‘;’, ‘,’ or ‘)’ before ‘*’ token
        const __sigset_t *__restrict __newmask,
                         ^
/usr/include/x86_64-linux-gnu/bits/sigthread.h:35:26: error: expected declaration specifiers or ‘...’ before ‘pthread_t’
 extern int pthread_kill (pthread_t __threadid, int __signo) __THROW;
                          ^
In file included from singals.c:3:0:
/usr/include/signal.h:395:12: error: storage class specified for parameter ‘__libc_current_sigrtmin’
 extern int __libc_current_sigrtmin (void) __THROW;
            ^
/usr/include/signal.h:397:12: error: storage class specified for parameter ‘__libc_current_sigrtmax’
 extern int __libc_current_sigrtmax (void) __THROW;
            ^
In file included from /usr/include/stdlib.h:32:0,
                 from singals.c:4:
/usr/lib/gcc/x86_64-linux-gnu/4.8/include/stddef.h:324:24: error: storage class specified for parameter ‘wchar_t’
 typedef __WCHAR_TYPE__ wchar_t;
                        ^
In file included from /usr/include/stdlib.h:41:0,
                 from singals.c:4:
/usr/include/x86_64-linux-gnu/bits/waitflags.h:55:3: error: storage class specified for parameter ‘idtype_t’
 } idtype_t;
   ^
In file included from /usr/include/endian.h:60:0,
                 from /usr/include/x86_64-linux-gnu/bits/waitstatus.h:64,
                 from /usr/include/stdlib.h:42,
                 from singals.c:4:
/usr/include/x86_64-linux-gnu/bits/byteswap.h:46:1: error: expected ‘=’, ‘,’, ‘;’, ‘asm’ or ‘__attribute__’ before ‘{’ token
 {
 ^
/usr/include/x86_64-linux-gnu/bits/byteswap.h:109:1: error: expected ‘=’, ‘,’, ‘;’, ‘asm’ or ‘__attribute__’ before ‘__bswap_64’
 __bswap_64 (__uint64_t __bsx)
 ^
In file included from singals.c:4:0:
/usr/include/stdlib.h:71:5: error: storage class specified for parameter ‘__WAIT_STATUS’
   } __WAIT_STATUS __attribute__ ((__transparent_union__));
     ^
/usr/include/stdlib.h:101:5: error: storage class specified for parameter ‘div_t’
   } div_t;
     ^
/usr/include/stdlib.h:109:5: error: storage class specified for parameter ‘ldiv_t’
   } ldiv_t;
     ^
/usr/include/stdlib.h:117:1: error: expected declaration specifiers before ‘__extension__’
 __extension__ typedef struct
 ^
/usr/include/stdlib.h:121:5: error: expected declaration specifiers before ‘lldiv_t’
   } lldiv_t;
     ^
/usr/include/stdlib.h:139:15: error: expected ‘=’, ‘,’, ‘;’, ‘asm’ or ‘__attribute__’ before ‘__ctype_get_mb_cur_max’
 extern size_t __ctype_get_mb_cur_max (void) __THROW __wur;
               ^
/usr/include/stdlib.h:144:15: error: storage class specified for parameter ‘atof’
 extern double atof (const char *__nptr)
               ^
/usr/include/stdlib.h:147:12: error: storage class specified for parameter ‘atoi’
 extern int atoi (const char *__nptr)
            ^
/usr/include/stdlib.h:150:17: error: storage class specified for parameter ‘atol’
 extern long int atol (const char *__nptr)
                 ^
/usr/include/stdlib.h:157:1: error: expected declaration specifiers before ‘__extension__’
 __extension__ extern long long int atoll (const char *__nptr)
 ^
/usr/include/stdlib.h:164:15: error: storage class specified for parameter ‘strtod’
 extern double strtod (const char *__restrict __nptr,
               ^
/usr/include/stdlib.h:172:14: error: storage class specified for parameter ‘strtof’
 extern float strtof (const char *__restrict __nptr,
              ^
/usr/include/stdlib.h:175:20: error: storage class specified for parameter ‘strtold’
 extern long double strtold (const char *__restrict __nptr,
                    ^
/usr/include/stdlib.h:183:17: error: storage class specified for parameter ‘strtol’
 extern long int strtol (const char *__restrict __nptr,
                 ^
/usr/include/stdlib.h:187:26: error: storage class specified for parameter ‘strtoul’
 extern unsigned long int strtoul (const char *__restrict __nptr,
                          ^
/usr/include/stdlib.h:194:1: error: expected declaration specifiers before ‘__extension__’
 __extension__
 ^
/usr/include/stdlib.h:199:1: error: expected declaration specifiers before ‘__extension__’
 __extension__
 ^
/usr/include/stdlib.h:208:1: error: expected declaration specifiers before ‘__extension__’
 __extension__
 ^
/usr/include/stdlib.h:213:1: error: expected declaration specifiers before ‘__extension__’
 __extension__
 ^
/usr/include/stdlib.h:305:14: error: storage class specified for parameter ‘l64a’
 extern char *l64a (long int __n) __THROW __wur;
              ^
/usr/include/stdlib.h:308:17: error: storage class specified for parameter ‘a64l’
 extern long int a64l (const char *__s)
                 ^
In file included from /usr/include/stdlib.h:314:0,
                 from singals.c:4:
/usr/include/x86_64-linux-gnu/sys/types.h:33:18: error: expected ‘=’, ‘,’, ‘;’, ‘asm’ or ‘__attribute__’ before ‘u_char’
 typedef __u_char u_char;
                  ^
/usr/include/x86_64-linux-gnu/sys/types.h:34:19: error: expected ‘=’, ‘,’, ‘;’, ‘asm’ or ‘__attribute__’ before ‘u_short’
 typedef __u_short u_short;
                   ^
/usr/include/x86_64-linux-gnu/sys/types.h:35:17: error: expected ‘=’, ‘,’, ‘;’, ‘asm’ or ‘__attribute__’ before ‘u_int’
 typedef __u_int u_int;
                 ^
/usr/include/x86_64-linux-gnu/sys/types.h:36:18: error: expected ‘=’, ‘,’, ‘;’, ‘asm’ or ‘__attribute__’ before ‘u_long’
 typedef __u_long u_long;
                  ^
/usr/include/x86_64-linux-gnu/sys/types.h:37:18: error: expected ‘=’, ‘,’, ‘;’, ‘asm’ or ‘__attribute__’ before ‘quad_t’
 typedef __quad_t quad_t;
                  ^
/usr/include/x86_64-linux-gnu/sys/types.h:38:20: error: expected ‘=’, ‘,’, ‘;’, ‘asm’ or ‘__attribute__’ before ‘u_quad_t’
 typedef __u_quad_t u_quad_t;
                    ^
/usr/include/x86_64-linux-gnu/sys/types.h:39:18: error: expected ‘=’, ‘,’, ‘;’, ‘asm’ or ‘__attribute__’ before ‘fsid_t’
 typedef __fsid_t fsid_t;
                  ^
/usr/include/x86_64-linux-gnu/sys/types.h:44:1: error: unknown type name ‘__loff_t’
 typedef __loff_t loff_t;
 ^
/usr/include/x86_64-linux-gnu/sys/types.h:44:18: error: storage class specified for parameter ‘loff_t’
 typedef __loff_t loff_t;
                  ^
/usr/include/x86_64-linux-gnu/sys/types.h:48:17: error: expected ‘=’, ‘,’, ‘;’, ‘asm’ or ‘__attribute__’ before ‘ino_t’
 typedef __ino_t ino_t;
                 ^
/usr/include/x86_64-linux-gnu/sys/types.h:60:17: error: expected ‘=’, ‘,’, ‘;’, ‘asm’ or ‘__attribute__’ before ‘dev_t’
 typedef __dev_t dev_t;
                 ^
/usr/include/x86_64-linux-gnu/sys/types.h:65:17: error: expected ‘=’, ‘,’, ‘;’, ‘asm’ or ‘__attribute__’ before ‘gid_t’
 typedef __gid_t gid_t;
                 ^
/usr/include/x86_64-linux-gnu/sys/types.h:70:18: error: expected ‘=’, ‘,’, ‘;’, ‘asm’ or ‘__attribute__’ before ‘mode_t’
 typedef __mode_t mode_t;
                  ^
/usr/include/x86_64-linux-gnu/sys/types.h:75:19: error: expected ‘=’, ‘,’, ‘;’, ‘asm’ or ‘__attribute__’ before ‘nlink_t’
 typedef __nlink_t nlink_t;
                   ^
/usr/include/x86_64-linux-gnu/sys/types.h:86:17: error: expected ‘=’, ‘,’, ‘;’, ‘asm’ or ‘__attribute__’ before ‘off_t’
 typedef __off_t off_t;
                 ^
/usr/include/x86_64-linux-gnu/sys/types.h:104:16: error: expected ‘=’, ‘,’, ‘;’, ‘asm’ or ‘__attribute__’ before ‘id_t’
 typedef __id_t id_t;
                ^
/usr/include/x86_64-linux-gnu/sys/types.h:109:19: error: expected ‘=’, ‘,’, ‘;’, ‘asm’ or ‘__attribute__’ before ‘ssize_t’
 typedef __ssize_t ssize_t;
                   ^
/usr/include/x86_64-linux-gnu/sys/types.h:115:19: error: expected ‘=’, ‘,’, ‘;’, ‘asm’ or ‘__attribute__’ before ‘daddr_t’
 typedef __daddr_t daddr_t;
                   ^
/usr/include/x86_64-linux-gnu/sys/types.h:116:19: error: expected ‘=’, ‘,’, ‘;’, ‘asm’ or ‘__attribute__’ before ‘caddr_t’
 typedef __caddr_t caddr_t;
                   ^
/usr/include/x86_64-linux-gnu/sys/types.h:122:17: error: expected ‘=’, ‘,’, ‘;’, ‘asm’ or ‘__attribute__’ before ‘key_t’
 typedef __key_t key_t;
                 ^
In file included from /usr/include/x86_64-linux-gnu/sys/types.h:132:0,
                 from /usr/include/stdlib.h:314,
                 from singals.c:4:
/usr/include/time.h:59:19: error: expected ‘=’, ‘,’, ‘;’, ‘asm’ or ‘__attribute__’ before ‘clock_t’
 typedef __clock_t clock_t;
                   ^
/usr/include/time.h:75:18: error: expected ‘=’, ‘,’, ‘;’, ‘asm’ or ‘__attribute__’ before ‘time_t’
 typedef __time_t time_t;
                  ^
/usr/include/time.h:91:21: error: expected ‘=’, ‘,’, ‘;’, ‘asm’ or ‘__attribute__’ before ‘clockid_t’
 typedef __clockid_t clockid_t;
                     ^
/usr/include/time.h:103:19: error: expected ‘=’, ‘,’, ‘;’, ‘asm’ or ‘__attribute__’ before ‘timer_t’
 typedef __timer_t timer_t;
                   ^
In file included from /usr/include/stdlib.h:314:0,
                 from singals.c:4:
/usr/include/x86_64-linux-gnu/sys/types.h:150:27: error: storage class specified for parameter ‘ulong’
 typedef unsigned long int ulong;
                           ^
/usr/include/x86_64-linux-gnu/sys/types.h:151:28: error: storage class specified for parameter ‘ushort’
 typedef unsigned short int ushort;
                            ^
/usr/include/x86_64-linux-gnu/sys/types.h:152:22: error: storage class specified for parameter ‘uint’
 typedef unsigned int uint;
                      ^
/usr/include/x86_64-linux-gnu/sys/types.h:194:1: error: storage class specified for parameter ‘int8_t’
 __intN_t (8, __QI__);
 ^
/usr/include/x86_64-linux-gnu/sys/types.h:195:1: error: storage class specified for parameter ‘int16_t’
 __intN_t (16, __HI__);
 ^
/usr/include/x86_64-linux-gnu/sys/types.h:196:1: error: storage class specified for parameter ‘int32_t’
 __intN_t (32, __SI__);
 ^
/usr/include/x86_64-linux-gnu/sys/types.h:197:1: error: storage class specified for parameter ‘int64_t’
 __intN_t (64, __DI__);
 ^
/usr/include/x86_64-linux-gnu/sys/types.h:200:1: error: storage class specified for parameter ‘u_int8_t’
 __u_intN_t (8, __QI__);
 ^
/usr/include/x86_64-linux-gnu/sys/types.h:201:1: error: storage class specified for parameter ‘u_int16_t’
 __u_intN_t (16, __HI__);
 ^
/usr/include/x86_64-linux-gnu/sys/types.h:202:1: error: storage class specified for parameter ‘u_int32_t’
 __u_intN_t (32, __SI__);
 ^
/usr/include/x86_64-linux-gnu/sys/types.h:203:1: error: storage class specified for parameter ‘u_int64_t’
 __u_intN_t (64, __DI__);
 ^
/usr/include/x86_64-linux-gnu/sys/types.h:205:13: error: storage class specified for parameter ‘register_t’
 typedef int register_t __attribute__ ((__mode__ (__word__)));
             ^
In file included from /usr/include/x86_64-linux-gnu/sys/select.h:45:0,
                 from /usr/include/x86_64-linux-gnu/sys/types.h:219,
                 from /usr/include/stdlib.h:314,
                 from singals.c:4:
/usr/include/x86_64-linux-gnu/bits/time.h:32:5: error: expected specifier-qualifier-list before ‘__time_t’
     __time_t tv_sec;  /* Seconds.  */
     ^
In file included from /usr/include/x86_64-linux-gnu/sys/types.h:219:0,
                 from /usr/include/stdlib.h:314,
                 from singals.c:4:
/usr/include/x86_64-linux-gnu/sys/select.h:48:23: error: expected ‘=’, ‘,’, ‘;’, ‘asm’ or ‘__attribute__’ before ‘suseconds_t’
 typedef __suseconds_t suseconds_t;
                       ^
/usr/include/x86_64-linux-gnu/sys/select.h:54:18: error: storage class specified for parameter ‘__fd_mask’
 typedef long int __fd_mask;
                  ^
/usr/include/x86_64-linux-gnu/sys/select.h:72:5: error: expected specifier-qualifier-list before ‘__fd_mask’
     __fd_mask __fds_bits[__FD_SETSIZE / __NFDBITS];
     ^
/usr/include/x86_64-linux-gnu/sys/select.h:75:5: error: storage class specified for parameter ‘fd_set’
   } fd_set;
     ^
/usr/include/x86_64-linux-gnu/sys/select.h:82:19: error: expected ‘=’, ‘,’, ‘;’, ‘asm’ or ‘__attribute__’ before ‘fd_mask’
 typedef __fd_mask fd_mask;
                   ^
/usr/include/x86_64-linux-gnu/sys/select.h:106:32: error: expected declaration specifiers or ‘...’ before ‘fd_set’
 extern int select (int __nfds, fd_set *__restrict __readfds,
                                ^
/usr/include/x86_64-linux-gnu/sys/select.h:107:6: error: expected declaration specifiers or ‘...’ before ‘fd_set’
      fd_set *__restrict __writefds,
      ^
/usr/include/x86_64-linux-gnu/sys/select.h:108:6: error: expected declaration specifiers or ‘...’ before ‘fd_set’
      fd_set *__restrict __exceptfds,
      ^
/usr/include/x86_64-linux-gnu/sys/select.h:118:33: error: expected declaration specifiers or ‘...’ before ‘fd_set’
 extern int pselect (int __nfds, fd_set *__restrict __readfds,
                                 ^
/usr/include/x86_64-linux-gnu/sys/select.h:119:7: error: expected declaration specifiers or ‘...’ before ‘fd_set’
       fd_set *__restrict __writefds,
       ^
/usr/include/x86_64-linux-gnu/sys/select.h:120:7: error: expected declaration specifiers or ‘...’ before ‘fd_set’
       fd_set *__restrict __exceptfds,
       ^
/usr/include/x86_64-linux-gnu/sys/select.h:122:24: error: expected ‘;’, ‘,’ or ‘)’ before ‘*’ token
       const __sigset_t *__restrict __sigmask);
                        ^
In file included from /usr/include/x86_64-linux-gnu/sys/types.h:222:0,
                 from /usr/include/stdlib.h:314,
                 from singals.c:4:
/usr/include/x86_64-linux-gnu/sys/sysmacros.h:26:1: error: expected declaration specifiers before ‘__extension__’
 __extension__
 ^
/usr/include/x86_64-linux-gnu/sys/sysmacros.h:29:1: error: expected declaration specifiers before ‘__extension__’
 __extension__
 ^
/usr/include/x86_64-linux-gnu/sys/sysmacros.h:32:1: error: expected declaration specifiers before ‘__extension__’
 __extension__
 ^
In file included from /usr/include/stdlib.h:314:0,
                 from singals.c:4:
/usr/include/x86_64-linux-gnu/sys/types.h:228:21: error: expected ‘=’, ‘,’, ‘;’, ‘asm’ or ‘__attribute__’ before ‘blksize_t’
 typedef __blksize_t blksize_t;
                     ^
/usr/include/x86_64-linux-gnu/sys/types.h:235:20: error: expected ‘=’, ‘,’, ‘;’, ‘asm’ or ‘__attribute__’ before ‘blkcnt_t’
 typedef __blkcnt_t blkcnt_t;  /* Type to count number of disk blocks.  */
                    ^
/usr/include/x86_64-linux-gnu/sys/types.h:239:22: error: expected ‘=’, ‘,’, ‘;’, ‘asm’ or ‘__attribute__’ before ‘fsblkcnt_t’
 typedef __fsblkcnt_t fsblkcnt_t; /* Type to count file system blocks.  */
                      ^
/usr/include/x86_64-linux-gnu/sys/types.h:243:22: error: expected ‘=’, ‘,’, ‘;’, ‘asm’ or ‘__attribute__’ before ‘fsfilcnt_t’
 typedef __fsfilcnt_t fsfilcnt_t; /* Type to count file system inodes.  */
                      ^
In file included from singals.c:4:0:
/usr/include/stdlib.h:321:17: error: storage class specified for parameter ‘random’
 extern long int random (void) __THROW;
                 ^
/usr/include/stdlib.h:324:13: error: storage class specified for parameter ‘srandom’
 extern void srandom (unsigned int __seed) __THROW;
             ^
/usr/include/stdlib.h:331:4: error: expected declaration specifiers or ‘...’ before ‘size_t’
    size_t __statelen) __THROW __nonnull ((2));
    ^
/usr/include/stdlib.h:335:14: error: storage class specified for parameter ‘setstate’
 extern char *setstate (char *__statebuf) __THROW __nonnull ((1));
              ^
/usr/include/stdlib.h:345:5: error: expected specifier-qualifier-list before ‘int32_t’
     int32_t *fptr;  /* Front pointer.  */
     ^
/usr/include/stdlib.h:355:8: error: expected declaration specifiers or ‘...’ before ‘int32_t’
        int32_t *__restrict __result) __THROW __nonnull ((1, 2));
        ^
/usr/include/stdlib.h:357:12: error: storage class specified for parameter ‘srandom_r’
 extern int srandom_r (unsigned int __seed, struct random_data *__buf)
            ^
/usr/include/stdlib.h:361:4: error: expected declaration specifiers or ‘...’ before ‘size_t’
    size_t __statelen,
    ^
/usr/include/stdlib.h:365:12: error: storage class specified for parameter ‘setstate_r’
 extern int setstate_r (char *__restrict __statebuf,
            ^
/usr/include/stdlib.h:374:12: error: storage class specified for parameter ‘rand’
 extern int rand (void) __THROW;
            ^
/usr/include/stdlib.h:376:13: error: storage class specified for parameter ‘srand’
 extern void srand (unsigned int __seed) __THROW;
             ^
/usr/include/stdlib.h:381:12: error: storage class specified for parameter ‘rand_r’
 extern int rand_r (unsigned int *__seed) __THROW;
            ^
/usr/include/stdlib.h:389:15: error: storage class specified for parameter ‘drand48’
 extern double drand48 (void) __THROW;
               ^
/usr/include/stdlib.h:390:15: error: storage class specified for parameter ‘erand48’
 extern double erand48 (unsigned short int __xsubi[3]) __THROW __nonnull ((1));
               ^
/usr/include/stdlib.h:393:17: error: storage class specified for parameter ‘lrand48’
 extern long int lrand48 (void) __THROW;
                 ^
/usr/include/stdlib.h:394:17: error: storage class specified for parameter ‘nrand48’
 extern long int nrand48 (unsigned short int __xsubi[3])
                 ^
/usr/include/stdlib.h:398:17: error: storage class specified for parameter ‘mrand48’
 extern long int mrand48 (void) __THROW;
                 ^
/usr/include/stdlib.h:399:17: error: storage class specified for parameter ‘jrand48’
 extern long int jrand48 (unsigned short int __xsubi[3])
                 ^
/usr/include/stdlib.h:403:13: error: storage class specified for parameter ‘srand48’
 extern void srand48 (long int __seedval) __THROW;
             ^
/usr/include/stdlib.h:404:28: error: storage class specified for parameter ‘seed48’
 extern unsigned short int *seed48 (unsigned short int __seed16v[3])
                            ^
/usr/include/stdlib.h:406:13: error: storage class specified for parameter ‘lcong48’
 extern void lcong48 (unsigned short int __param[7]) __THROW __nonnull ((1));
             ^
/usr/include/stdlib.h:423:12: error: storage class specified for parameter ‘drand48_r’
 extern int drand48_r (struct drand48_data *__restrict __buffer,
            ^
/usr/include/stdlib.h:425:12: error: storage class specified for parameter ‘erand48_r’
 extern int erand48_r (unsigned short int __xsubi[3],
            ^
/usr/include/stdlib.h:430:12: error: storage class specified for parameter ‘lrand48_r’
 extern int lrand48_r (struct drand48_data *__restrict __buffer,
            ^
/usr/include/stdlib.h:433:12: error: storage class specified for parameter ‘nrand48_r’
 extern int nrand48_r (unsigned short int __xsubi[3],
            ^
/usr/include/stdlib.h:439:12: error: storage class specified for parameter ‘mrand48_r’
 extern int mrand48_r (struct drand48_data *__restrict __buffer,
            ^
/usr/include/stdlib.h:442:12: error: storage class specified for parameter ‘jrand48_r’
 extern int jrand48_r (unsigned short int __xsubi[3],
            ^
/usr/include/stdlib.h:448:12: error: storage class specified for parameter ‘srand48_r’
 extern int srand48_r (long int __seedval, struct drand48_data *__buffer)
            ^
/usr/include/stdlib.h:451:12: error: storage class specified for parameter ‘seed48_r’
 extern int seed48_r (unsigned short int __seed16v[3],
            ^
/usr/include/stdlib.h:454:12: error: storage class specified for parameter ‘lcong48_r’
 extern int lcong48_r (unsigned short int __param[7],
            ^
/usr/include/stdlib.h:466:22: error: expected declaration specifiers or ‘...’ before ‘size_t’
 extern void *malloc (size_t __size) __THROW __attribute_malloc__ __wur;
                      ^
/usr/include/stdlib.h:468:22: error: expected declaration specifiers or ‘...’ before ‘size_t’
 extern void *calloc (size_t __nmemb, size_t __size)
                      ^
/usr/include/stdlib.h:468:38: error: expected declaration specifiers or ‘...’ before ‘size_t’
 extern void *calloc (size_t __nmemb, size_t __size)
                                      ^
/usr/include/stdlib.h:480:36: error: expected declaration specifiers or ‘...’ before ‘size_t’
 extern void *realloc (void *__ptr, size_t __size)
                                    ^
/usr/include/stdlib.h:483:13: error: storage class specified for parameter ‘free’
 extern void free (void *__ptr) __THROW;
             ^
/usr/include/stdlib.h:488:13: error: storage class specified for parameter ‘cfree’
 extern void cfree (void *__ptr) __THROW;
             ^
In file included from /usr/include/stdlib.h:492:0,
                 from singals.c:4:
/usr/include/alloca.h:32:22: error: expected declaration specifiers or ‘...’ before ‘size_t’
 extern void *alloca (size_t __size) __THROW;
                      ^
In file included from singals.c:4:0:
/usr/include/stdlib.h:498:22: error: expected declaration specifiers or ‘...’ before ‘size_t’
 extern void *valloc (size_t __size) __THROW __attribute_malloc__ __wur;
                      ^
/usr/include/stdlib.h:503:45: error: expected declaration specifiers or ‘...’ before ‘size_t’
 extern int posix_memalign (void **__memptr, size_t __alignment, size_t __size)
                                             ^
/usr/include/stdlib.h:503:65: error: expected declaration specifiers or ‘...’ before ‘size_t’
 extern int posix_memalign (void **__memptr, size_t __alignment, size_t __size)
                                                                 ^
/usr/include/stdlib.h:515:13: error: storage class specified for parameter ‘abort’
 extern void abort (void) __THROW __attribute__ ((__noreturn__));
             ^
/usr/include/stdlib.h:519:12: error: storage class specified for parameter ‘atexit’
 extern int atexit (void (*__func) (void)) __THROW __nonnull ((1));
            ^
/usr/include/stdlib.h:535:12: error: storage class specified for parameter ‘on_exit’
 extern int on_exit (void (*__func) (int __status, void *__arg), void *__arg)
            ^
/usr/include/stdlib.h:543:13: error: storage class specified for parameter ‘exit’
 extern void exit (int __status) __THROW __attribute__ ((__noreturn__));
             ^
/usr/include/stdlib.h:557:13: error: storage class specified for parameter ‘_Exit’
 extern void _Exit (int __status) __THROW __attribute__ ((__noreturn__));
             ^
/usr/include/stdlib.h:564:14: error: storage class specified for parameter ‘getenv’
 extern char *getenv (const char *__name) __THROW __nonnull ((1)) __wur;
              ^
/usr/include/stdlib.h:578:12: error: storage class specified for parameter ‘putenv’
 extern int putenv (char *__string) __THROW __nonnull ((1));
            ^
/usr/include/stdlib.h:584:12: error: storage class specified for parameter ‘setenv’
 extern int setenv (const char *__name, const char *__value, int __replace)
            ^
/usr/include/stdlib.h:588:12: error: storage class specified for parameter ‘unsetenv’
 extern int unsetenv (const char *__name) __THROW __nonnull ((1));
            ^
/usr/include/stdlib.h:595:12: error: storage class specified for parameter ‘clearenv’
 extern int clearenv (void) __THROW;
            ^
/usr/include/stdlib.h:606:14: error: storage class specified for parameter ‘mktemp’
 extern char *mktemp (char *__template) __THROW __nonnull ((1));
              ^
/usr/include/stdlib.h:620:12: error: storage class specified for parameter ‘mkstemp’
 extern int mkstemp (char *__template) __nonnull ((1)) __wur;
            ^
/usr/include/stdlib.h:642:12: error: storage class specified for parameter ‘mkstemps’
 extern int mkstemps (char *__template, int __suffixlen) __nonnull ((1)) __wur;
            ^
/usr/include/stdlib.h:663:14: error: storage class specified for parameter ‘mkdtemp’
 extern char *mkdtemp (char *__template) __THROW __nonnull ((1)) __wur;
              ^
/usr/include/stdlib.h:717:12: error: storage class specified for parameter ‘system’
 extern int system (const char *__command) __wur;
            ^
/usr/include/stdlib.h:734:14: error: storage class specified for parameter ‘realpath’
 extern char *realpath (const char *__restrict __name,
              ^
/usr/include/stdlib.h:742:15: error: storage class specified for parameter ‘__compar_fn_t’
 typedef int (*__compar_fn_t) (const void *, const void *);
               ^
/usr/include/stdlib.h:756:9: error: expected declaration specifiers or ‘...’ before ‘size_t’
         size_t __nmemb, size_t __size, __compar_fn_t __compar)
         ^
/usr/include/stdlib.h:756:25: error: expected declaration specifiers or ‘...’ before ‘size_t’
         size_t __nmemb, size_t __size, __compar_fn_t __compar)
                         ^
/usr/include/stdlib.h:756:40: error: expected declaration specifiers or ‘...’ before ‘__compar_fn_t’
         size_t __nmemb, size_t __size, __compar_fn_t __compar)
                                        ^
/usr/include/stdlib.h:765:34: error: expected declaration specifiers or ‘...’ before ‘size_t’
 extern void qsort (void *__base, size_t __nmemb, size_t __size,
                                  ^
/usr/include/stdlib.h:765:50: error: expected declaration specifiers or ‘...’ before ‘size_t’
 extern void qsort (void *__base, size_t __nmemb, size_t __size,
                                                  ^
/usr/include/stdlib.h:766:6: error: expected declaration specifiers or ‘...’ before ‘__compar_fn_t’
      __compar_fn_t __compar) __nonnull ((1, 4));
      ^
/usr/include/stdlib.h:775:12: error: storage class specified for parameter ‘abs’
 extern int abs (int __x) __THROW __attribute__ ((__const__)) __wur;
            ^
/usr/include/stdlib.h:776:17: error: storage class specified for parameter ‘labs’
 extern long int labs (long int __x) __THROW __attribute__ ((__const__)) __wur;
                 ^
/usr/include/stdlib.h:780:1: error: expected declaration specifiers before ‘__extension__’
 __extension__ extern long long int llabs (long long int __x)
 ^
/usr/include/stdlib.h:789:14: error: expected ‘=’, ‘,’, ‘;’, ‘asm’ or ‘__attribute__’ before ‘div’
 extern div_t div (int __numer, int __denom)
              ^
/usr/include/stdlib.h:791:15: error: expected ‘=’, ‘,’, ‘;’, ‘asm’ or ‘__attribute__’ before ‘ldiv’
 extern ldiv_t ldiv (long int __numer, long int __denom)
               ^
/usr/include/stdlib.h:797:1: error: expected declaration specifiers before ‘__extension__’
 __extension__ extern lldiv_t lldiv (long long int __numer,
 ^
/usr/include/stdlib.h:812:14: error: storage class specified for parameter ‘ecvt’
 extern char *ecvt (double __value, int __ndigit, int *__restrict __decpt,
              ^
/usr/include/stdlib.h:818:14: error: storage class specified for parameter ‘fcvt’
 extern char *fcvt (double __value, int __ndigit, int *__restrict __decpt,
              ^
/usr/include/stdlib.h:824:14: error: storage class specified for parameter ‘gcvt’
 extern char *gcvt (double __value, int __ndigit, char *__buf)
              ^
/usr/include/stdlib.h:830:14: error: storage class specified for parameter ‘qecvt’
 extern char *qecvt (long double __value, int __ndigit,
              ^
/usr/include/stdlib.h:833:14: error: storage class specified for parameter ‘qfcvt’
 extern char *qfcvt (long double __value, int __ndigit,
              ^
/usr/include/stdlib.h:836:14: error: storage class specified for parameter ‘qgcvt’
 extern char *qgcvt (long double __value, int __ndigit, char *__buf)
              ^
/usr/include/stdlib.h:844:6: error: expected declaration specifiers or ‘...’ before ‘size_t’
      size_t __len) __THROW __nonnull ((3, 4, 5));
      ^
/usr/include/stdlib.h:847:6: error: expected declaration specifiers or ‘...’ before ‘size_t’
      size_t __len) __THROW __nonnull ((3, 4, 5));
      ^
/usr/include/stdlib.h:851:31: error: expected declaration specifiers or ‘...’ before ‘size_t’
       char *__restrict __buf, size_t __len)
                               ^
/usr/include/stdlib.h:855:31: error: expected declaration specifiers or ‘...’ before ‘size_t’
       char *__restrict __buf, size_t __len)
                               ^
/usr/include/stdlib.h:863:36: error: expected declaration specifiers or ‘...’ before ‘size_t’
 extern int mblen (const char *__s, size_t __n) __THROW;
                                    ^
/usr/include/stdlib.h:866:20: error: expected declaration specifiers or ‘...’ before ‘wchar_t’
 extern int mbtowc (wchar_t *__restrict __pwc,
                    ^
/usr/include/stdlib.h:867:34: error: expected declaration specifiers or ‘...’ before ‘size_t’
      const char *__restrict __s, size_t __n) __THROW;
                                  ^
/usr/include/stdlib.h:870:31: error: expected declaration specifiers or ‘...’ before ‘wchar_t’
 extern int wctomb (char *__s, wchar_t __wchar) __THROW;
                               ^
/usr/include/stdlib.h:874:15: error: expected ‘=’, ‘,’, ‘;’, ‘asm’ or ‘__attribute__’ before ‘mbstowcs’
 extern size_t mbstowcs (wchar_t *__restrict  __pwcs,
               ^
/usr/include/stdlib.h:877:15: error: expected ‘=’, ‘,’, ‘;’, ‘asm’ or ‘__attribute__’ before ‘wcstombs’
 extern size_t wcstombs (char *__restrict __s,
               ^
/usr/include/stdlib.h:888:12: error: storage class specified for parameter ‘rpmatch’
 extern int rpmatch (const char *__response) __THROW __nonnull ((1)) __wur;
            ^
/usr/include/stdlib.h:899:12: error: storage class specified for parameter ‘getsubopt’
 extern int getsubopt (char **__restrict __optionp,
            ^
/usr/include/stdlib.h:951:12: error: storage class specified for parameter ‘getloadavg’
 extern int getloadavg (double __loadavg[], int __nelem)
            ^
In file included from singals.c:5:0:
/usr/include/stdio.h:48:25: error: storage class specified for parameter ‘FILE’
 typedef struct _IO_FILE FILE;
                         ^
/usr/include/stdio.h:64:25: error: storage class specified for parameter ‘__FILE’
 typedef struct _IO_FILE __FILE;
                         ^
In file included from /usr/include/_G_config.h:20:0,
                 from /usr/include/libio.h:31,
                 from /usr/include/stdio.h:74,
                 from singals.c:5:
/usr/include/wchar.h:94:3: error: storage class specified for parameter ‘__mbstate_t’
 } __mbstate_t;
   ^
In file included from /usr/include/libio.h:31:0,
                 from /usr/include/stdio.h:74,
                 from singals.c:5:
/usr/include/_G_config.h:23:3: error: expected specifier-qualifier-list before ‘__off_t’
   __off_t __pos;
   ^
/usr/include/_G_config.h:25:3: error: storage class specified for parameter ‘_G_fpos_t’
 } _G_fpos_t;
   ^
/usr/include/_G_config.h:28:3: error: expected specifier-qualifier-list before ‘__off64_t’
   __off64_t __pos;
   ^
/usr/include/_G_config.h:30:3: error: storage class specified for parameter ‘_G_fpos64_t’
 } _G_fpos64_t;
   ^
In file included from /usr/include/libio.h:49:0,
                 from /usr/include/stdio.h:74,
                 from singals.c:5:
/usr/lib/gcc/x86_64-linux-gnu/4.8/include/stdarg.h:40:27: error: storage class specified for parameter ‘__gnuc_va_list’
 typedef __builtin_va_list __gnuc_va_list;
                           ^
In file included from /usr/include/stdio.h:74:0,
                 from singals.c:5:
/usr/include/libio.h:154:14: error: storage class specified for parameter ‘_IO_lock_t’
 typedef void _IO_lock_t;
              ^
In file included from /usr/include/stdio.h:74:0,
                 from singals.c:5:
/usr/include/libio.h:274:3: error: expected specifier-qualifier-list before ‘__off_t’
   _IO_off_t _old_offset; /* This used to be _offset but it's too small.  */
   ^
In file included from /usr/include/stdio.h:74:0,
                 from singals.c:5:
/usr/include/libio.h:315:25: error: storage class specified for parameter ‘_IO_FILE’
 typedef struct _IO_FILE _IO_FILE;
                         ^
/usr/include/libio.h:320:29: error: storage class specified for parameter ‘_IO_2_1_stdin_’
 extern struct _IO_FILE_plus _IO_2_1_stdin_;
                             ^
/usr/include/libio.h:321:29: error: storage class specified for parameter ‘_IO_2_1_stdout_’
 extern struct _IO_FILE_plus _IO_2_1_stdout_;
                             ^
/usr/include/libio.h:322:29: error: storage class specified for parameter ‘_IO_2_1_stderr_’
 extern struct _IO_FILE_plus _IO_2_1_stderr_;
                             ^
/usr/include/libio.h:338:19: error: expected ‘=’, ‘,’, ‘;’, ‘asm’ or ‘__attribute__’ before ‘__io_read_fn’
 typedef __ssize_t __io_read_fn (void *__cookie, char *__buf, size_t __nbytes);
                   ^
/usr/include/libio.h:346:19: error: expected ‘=’, ‘,’, ‘;’, ‘asm’ or ‘__attribute__’ before ‘__io_write_fn’
 typedef __ssize_t __io_write_fn (void *__cookie, const char *__buf,
                   ^
In file included from /usr/include/stdio.h:74:0,
                 from singals.c:5:
/usr/include/libio.h:355:43: error: expected declaration specifiers or ‘...’ before ‘__off64_t’
 typedef int __io_seek_fn (void *__cookie, _IO_off64_t *__pos, int __w);
                                           ^
In file included from /usr/include/stdio.h:74:0,
                 from singals.c:5:
/usr/include/libio.h:358:13: error: storage class specified for parameter ‘__io_close_fn’
 typedef int __io_close_fn (void *__cookie);
             ^
/usr/include/libio.h:390:25: error: expected declaration specifiers or ‘...’ before ‘_IO_FILE’
 extern int __underflow (_IO_FILE *);
                         ^
/usr/include/libio.h:391:21: error: expected declaration specifiers or ‘...’ before ‘_IO_FILE’
 extern int __uflow (_IO_FILE *);
                     ^
/usr/include/libio.h:392:24: error: expected declaration specifiers or ‘...’ before ‘_IO_FILE’
 extern int __overflow (_IO_FILE *, int);
                        ^
/usr/include/libio.h:434:22: error: expected declaration specifiers or ‘...’ before ‘_IO_FILE’
 extern int _IO_getc (_IO_FILE *__fp);
                      ^
/usr/include/libio.h:435:31: error: expected declaration specifiers or ‘...’ before ‘_IO_FILE’
 extern int _IO_putc (int __c, _IO_FILE *__fp);
                               ^
/usr/include/libio.h:436:22: error: expected declaration specifiers or ‘...’ before ‘_IO_FILE’
 extern int _IO_feof (_IO_FILE *__fp) __THROW;
                      ^
/usr/include/libio.h:437:24: error: expected declaration specifiers or ‘...’ before ‘_IO_FILE’
 extern int _IO_ferror (_IO_FILE *__fp) __THROW;
                        ^
/usr/include/libio.h:439:30: error: expected declaration specifiers or ‘...’ before ‘_IO_FILE’
 extern int _IO_peekc_locked (_IO_FILE *__fp);
                              ^
/usr/include/libio.h:445:28: error: expected declaration specifiers or ‘...’ before ‘_IO_FILE’
 extern void _IO_flockfile (_IO_FILE *) __THROW;
                            ^
/usr/include/libio.h:446:30: error: expected declaration specifiers or ‘...’ before ‘_IO_FILE’
 extern void _IO_funlockfile (_IO_FILE *) __THROW;
                              ^
/usr/include/libio.h:447:30: error: expected declaration specifiers or ‘...’ before ‘_IO_FILE’
 extern int _IO_ftrylockfile (_IO_FILE *) __THROW;
                              ^
/usr/include/libio.h:464:25: error: expected declaration specifiers or ‘...’ before ‘_IO_FILE’
 extern int _IO_vfscanf (_IO_FILE * __restrict, const char * __restrict,
                         ^
/usr/include/libio.h:465:4: error: expected declaration specifiers or ‘...’ before ‘__gnuc_va_list’
    _IO_va_list, int *__restrict);
    ^
/usr/include/libio.h:466:26: error: expected declaration specifiers or ‘...’ before ‘_IO_FILE’
 extern int _IO_vfprintf (_IO_FILE *__restrict, const char *__restrict,
                          ^
/usr/include/libio.h:467:5: error: expected declaration specifiers or ‘...’ before ‘__gnuc_va_list’
     _IO_va_list);
     ^
/usr/include/libio.h:468:20: error: expected ‘=’, ‘,’, ‘;’, ‘asm’ or ‘__attribute__’ before ‘_IO_padn’
 extern _IO_ssize_t _IO_padn (_IO_FILE *, int, _IO_ssize_t);
                    ^
/usr/include/libio.h:469:19: error: expected ‘=’, ‘,’, ‘;’, ‘asm’ or ‘__attribute__’ before ‘_IO_sgetn’
 extern _IO_size_t _IO_sgetn (_IO_FILE *, void *, _IO_size_t);
                   ^
/usr/include/libio.h:471:20: error: expected ‘=’, ‘,’, ‘;’, ‘asm’ or ‘__attribute__’ before ‘_IO_seekoff’
 extern _IO_off64_t _IO_seekoff (_IO_FILE *, _IO_off64_t, int, int);
                    ^
/usr/include/libio.h:472:20: error: expected ‘=’, ‘,’, ‘;’, ‘asm’ or ‘__attribute__’ before ‘_IO_seekpos’
 extern _IO_off64_t _IO_seekpos (_IO_FILE *, _IO_off64_t, int);
                    ^
/usr/include/libio.h:474:35: error: expected declaration specifiers or ‘...’ before ‘_IO_FILE’
 extern void _IO_free_backup_area (_IO_FILE *) __THROW;
                                   ^
In file included from singals.c:5:0:
/usr/include/stdio.h:79:20: error: expected ‘=’, ‘,’, ‘;’, ‘asm’ or ‘__attribute__’ before ‘va_list’
 typedef _G_va_list va_list;
                    ^
/usr/include/stdio.h:110:19: error: expected ‘=’, ‘,’, ‘;’, ‘asm’ or ‘__attribute__’ before ‘fpos_t’
 typedef _G_fpos_t fpos_t;
                   ^
In file included from singals.c:5:0:
/usr/include/stdio.h:168:25: error: storage class specified for parameter ‘stdin’
 extern struct _IO_FILE *stdin;  /* Standard input stream.  */
                         ^
/usr/include/stdio.h:169:25: error: storage class specified for parameter ‘stdout’
 extern struct _IO_FILE *stdout;  /* Standard output stream.  */
                         ^
/usr/include/stdio.h:170:25: error: storage class specified for parameter ‘stderr’
 extern struct _IO_FILE *stderr;  /* Standard error output stream.  */
                         ^
/usr/include/stdio.h:178:12: error: storage class specified for parameter ‘remove’
 extern int remove (const char *__filename) __THROW;
            ^
/usr/include/stdio.h:180:12: error: storage class specified for parameter ‘rename’
 extern int rename (const char *__old, const char *__new) __THROW;
            ^
/usr/include/stdio.h:185:12: error: storage class specified for parameter ‘renameat’
 extern int renameat (int __oldfd, const char *__old, int __newfd,
            ^
/usr/include/stdio.h:195:13: error: expected ‘=’, ‘,’, ‘;’, ‘asm’ or ‘__attribute__’ before ‘*’ token
 extern FILE *tmpfile (void) __wur;
             ^
/usr/include/stdio.h:209:14: error: storage class specified for parameter ‘tmpnam’
 extern char *tmpnam (char *__s) __THROW __wur;
              ^
/usr/include/stdio.h:215:14: error: storage class specified for parameter ‘tmpnam_r’
 extern char *tmpnam_r (char *__s) __THROW __wur;
              ^
/usr/include/stdio.h:227:14: error: storage class specified for parameter ‘tempnam’
 extern char *tempnam (const char *__dir, const char *__pfx)
              ^
/usr/include/stdio.h:237:20: error: expected declaration specifiers or ‘...’ before ‘FILE’
 extern int fclose (FILE *__stream);
                    ^
/usr/include/stdio.h:242:20: error: expected declaration specifiers or ‘...’ before ‘FILE’
 extern int fflush (FILE *__stream);
                    ^
/usr/include/stdio.h:252:29: error: expected declaration specifiers or ‘...’ before ‘FILE’
 extern int fflush_unlocked (FILE *__stream);
                             ^
/usr/include/stdio.h:272:13: error: expected ‘=’, ‘,’, ‘;’, ‘asm’ or ‘__attribute__’ before ‘*’ token
 extern FILE *fopen (const char *__restrict __filename,
             ^
/usr/include/stdio.h:278:13: error: expected ‘=’, ‘,’, ‘;’, ‘asm’ or ‘__attribute__’ before ‘*’ token
 extern FILE *freopen (const char *__restrict __filename,
             ^
/usr/include/stdio.h:306:13: error: expected ‘=’, ‘,’, ‘;’, ‘asm’ or ‘__attribute__’ before ‘*’ token
 extern FILE *fdopen (int __fd, const char *__modes) __THROW __wur;
             ^
/usr/include/stdio.h:319:13: error: expected ‘=’, ‘,’, ‘;’, ‘asm’ or ‘__attribute__’ before ‘*’ token
 extern FILE *fmemopen (void *__s, size_t __len, const char *__modes)
             ^
/usr/include/stdio.h:325:13: error: expected ‘=’, ‘,’, ‘;’, ‘asm’ or ‘__attribute__’ before ‘*’ token
 extern FILE *open_memstream (char **__bufloc, size_t *__sizeloc) __THROW __wur;
             ^
/usr/include/stdio.h:332:21: error: expected declaration specifiers or ‘...’ before ‘FILE’
 extern void setbuf (FILE *__restrict __stream, char *__restrict __buf) __THROW;
                     ^
/usr/include/stdio.h:336:21: error: expected declaration specifiers or ‘...’ before ‘FILE’
 extern int setvbuf (FILE *__restrict __stream, char *__restrict __buf,
                     ^
/usr/include/stdio.h:337:20: error: expected declaration specifiers or ‘...’ before ‘size_t’
       int __modes, size_t __n) __THROW;
                    ^
/usr/include/stdio.h:343:24: error: expected declaration specifiers or ‘...’ before ‘FILE’
 extern void setbuffer (FILE *__restrict __stream, char *__restrict __buf,
                        ^
/usr/include/stdio.h:344:10: error: expected declaration specifiers or ‘...’ before ‘size_t’
          size_t __size) __THROW;
          ^
/usr/include/stdio.h:347:25: error: expected declaration specifiers or ‘...’ before ‘FILE’
 extern void setlinebuf (FILE *__stream) __THROW;
                         ^
/usr/include/stdio.h:356:21: error: expected declaration specifiers or ‘...’ before ‘FILE’
 extern int fprintf (FILE *__restrict __stream,
                     ^
/usr/include/stdio.h:362:12: error: storage class specified for parameter ‘printf’
 extern int printf (const char *__restrict __format, ...);
            ^
/usr/include/stdio.h:364:12: error: storage class specified for parameter ‘sprintf’
 extern int sprintf (char *__restrict __s,
            ^
/usr/include/stdio.h:371:22: error: expected declaration specifiers or ‘...’ before ‘FILE’
 extern int vfprintf (FILE *__restrict __s, const char *__restrict __format,
                      ^
In file included from /usr/include/libio.h:31:0,
                 from /usr/include/stdio.h:74,
                 from singals.c:5:
/usr/include/stdio.h:372:8: error: expected declaration specifiers or ‘...’ before ‘__gnuc_va_list’
        _G_va_list __arg);
        ^
/usr/include/stdio.h:377:54: error: expected declaration specifiers or ‘...’ before ‘__gnuc_va_list’
 extern int vprintf (const char *__restrict __format, _G_va_list __arg);
                                                      ^
/usr/include/stdio.h:380:8: error: expected declaration specifiers or ‘...’ before ‘__gnuc_va_list’
        _G_va_list __arg) __THROWNL;
        ^
In file included from singals.c:5:0:
/usr/include/stdio.h:386:44: error: expected declaration specifiers or ‘...’ before ‘size_t’
 extern int snprintf (char *__restrict __s, size_t __maxlen,
                                            ^
/usr/include/stdio.h:390:45: error: expected declaration specifiers or ‘...’ before ‘size_t’
 extern int vsnprintf (char *__restrict __s, size_t __maxlen,
                                             ^
In file included from /usr/include/libio.h:31:0,
                 from /usr/include/stdio.h:74,
                 from singals.c:5:
/usr/include/stdio.h:391:42: error: expected declaration specifiers or ‘...’ before ‘__gnuc_va_list’
         const char *__restrict __format, _G_va_list __arg)
                                          ^
/usr/include/stdio.h:413:8: error: expected declaration specifiers or ‘...’ before ‘__gnuc_va_list’
        _G_va_list __arg)
        ^
In file included from singals.c:5:0:
/usr/include/stdio.h:415:12: error: storage class specified for parameter ‘dprintf’
 extern int dprintf (int __fd, const char *__restrict __fmt, ...)
            ^
/usr/include/stdio.h:425:20: error: expected declaration specifiers or ‘...’ before ‘FILE’
 extern int fscanf (FILE *__restrict __stream,
                    ^
/usr/include/stdio.h:431:12: error: storage class specified for parameter ‘scanf’
 extern int scanf (const char *__restrict __format, ...) __wur;
            ^
/usr/include/stdio.h:433:12: error: storage class specified for parameter ‘sscanf’
 extern int sscanf (const char *__restrict __s,
            ^
In file included from /usr/include/features.h:374:0,
                 from /usr/include/signal.h:28,
                 from singals.c:3:
/usr/include/stdio.h:443:12: error: expected declaration specifiers or ‘...’ before ‘FILE’
 extern int __REDIRECT (fscanf, (FILE *__restrict __stream,
            ^
/usr/include/stdio.h:446:12: error: storage class specified for parameter ‘scanf’
 extern int __REDIRECT (scanf, (const char *__restrict __format, ...),
            ^
/usr/include/stdio.h:446:12: error: redefinition of parameter ‘scanf’
In file included from singals.c:5:0:
/usr/include/stdio.h:431:12: note: previous definition of ‘scanf’ was here
 extern int scanf (const char *__restrict __format, ...) __wur;
            ^
In file included from /usr/include/features.h:374:0,
                 from /usr/include/signal.h:28,
                 from singals.c:3:
/usr/include/stdio.h:448:12: error: storage class specified for parameter ‘sscanf’
 extern int __REDIRECT_NTH (sscanf, (const char *__restrict __s,
            ^
/usr/include/stdio.h:448:12: error: redefinition of parameter ‘sscanf’
In file included from singals.c:5:0:
/usr/include/stdio.h:433:12: note: previous definition of ‘sscanf’ was here
 extern int sscanf (const char *__restrict __s,
            ^
/usr/include/stdio.h:471:21: error: expected declaration specifiers or ‘...’ before ‘FILE’
 extern int vfscanf (FILE *__restrict __s, const char *__restrict __format,
                     ^
In file included from /usr/include/libio.h:31:0,
                 from /usr/include/stdio.h:74,
                 from singals.c:5:
/usr/include/stdio.h:472:7: error: expected declaration specifiers or ‘...’ before ‘__gnuc_va_list’
       _G_va_list __arg)
       ^
/usr/include/stdio.h:479:53: error: expected declaration specifiers or ‘...’ before ‘__gnuc_va_list’
 extern int vscanf (const char *__restrict __format, _G_va_list __arg)
                                                     ^
/usr/include/stdio.h:484:40: error: expected declaration specifiers or ‘...’ before ‘__gnuc_va_list’
       const char *__restrict __format, _G_va_list __arg)
                                        ^
In file included from /usr/include/features.h:374:0,
                 from /usr/include/signal.h:28,
                 from singals.c:3:
/usr/include/stdio.h:494:12: error: expected declaration specifiers or ‘...’ before ‘FILE’
 extern int __REDIRECT (vfscanf,
            ^
/usr/include/stdio.h:496:37: error: expected declaration specifiers or ‘...’ before ‘__gnuc_va_list’
    const char *__restrict __format, _G_va_list __arg),
                                     ^
/usr/include/stdio.h:500:5: error: expected declaration specifiers or ‘...’ before ‘__gnuc_va_list’
     _G_va_list __arg), __isoc99_vscanf)
     ^
/usr/include/stdio.h:505:8: error: expected declaration specifiers or ‘...’ before ‘__gnuc_va_list’
        _G_va_list __arg), __isoc99_vsscanf)
        ^
In file included from singals.c:5:0:
/usr/include/stdio.h:531:19: error: expected declaration specifiers or ‘...’ before ‘FILE’
 extern int fgetc (FILE *__stream);
                   ^
/usr/include/stdio.h:532:18: error: expected declaration specifiers or ‘...’ before ‘FILE’
 extern int getc (FILE *__stream);
                  ^
/usr/include/stdio.h:538:12: error: storage class specified for parameter ‘getchar’
 extern int getchar (void);
            ^
/usr/include/stdio.h:550:27: error: expected declaration specifiers or ‘...’ before ‘FILE’
 extern int getc_unlocked (FILE *__stream);
                           ^
/usr/include/stdio.h:551:12: error: storage class specified for parameter ‘getchar_unlocked’
 extern int getchar_unlocked (void);
            ^
/usr/include/stdio.h:561:28: error: expected declaration specifiers or ‘...’ before ‘FILE’
 extern int fgetc_unlocked (FILE *__stream);
                            ^
/usr/include/stdio.h:573:28: error: expected declaration specifiers or ‘...’ before ‘FILE’
 extern int fputc (int __c, FILE *__stream);
                            ^
/usr/include/stdio.h:574:27: error: expected declaration specifiers or ‘...’ before ‘FILE’
 extern int putc (int __c, FILE *__stream);
                           ^
/usr/include/stdio.h:580:12: error: storage class specified for parameter ‘putchar’
 extern int putchar (int __c);
            ^
/usr/include/stdio.h:594:37: error: expected declaration specifiers or ‘...’ before ‘FILE’
 extern int fputc_unlocked (int __c, FILE *__stream);
                                     ^
/usr/include/stdio.h:602:36: error: expected declaration specifiers or ‘...’ before ‘FILE’
 extern int putc_unlocked (int __c, FILE *__stream);
                                    ^
/usr/include/stdio.h:603:12: error: storage class specified for parameter ‘putchar_unlocked’
 extern int putchar_unlocked (int __c);
            ^
/usr/include/stdio.h:610:18: error: expected declaration specifiers or ‘...’ before ‘FILE’
 extern int getw (FILE *__stream);
                  ^
/usr/include/stdio.h:613:27: error: expected declaration specifiers or ‘...’ before ‘FILE’
 extern int putw (int __w, FILE *__stream);
                           ^
/usr/include/stdio.h:622:52: error: expected declaration specifiers or ‘...’ before ‘FILE’
 extern char *fgets (char *__restrict __s, int __n, FILE *__restrict __stream)
                                                    ^
/usr/include/stdio.h:638:14: error: storage class specified for parameter ‘gets’
 extern char *gets (char *__s) __wur __attribute_deprecated__;
              ^
/usr/include/stdio.h:665:20: error: expected ‘=’, ‘,’, ‘;’, ‘asm’ or ‘__attribute__’ before ‘__getdelim’
 extern _IO_ssize_t __getdelim (char **__restrict __lineptr,
                    ^
/usr/include/stdio.h:668:20: error: expected ‘=’, ‘,’, ‘;’, ‘asm’ or ‘__attribute__’ before ‘getdelim’
 extern _IO_ssize_t getdelim (char **__restrict __lineptr,
                    ^
/usr/include/stdio.h:678:20: error: expected ‘=’, ‘,’, ‘;’, ‘asm’ or ‘__attribute__’ before ‘getline’
 extern _IO_ssize_t getline (char **__restrict __lineptr,
                    ^
/usr/include/stdio.h:689:47: error: expected declaration specifiers or ‘...’ before ‘FILE’
 extern int fputs (const char *__restrict __s, FILE *__restrict __stream);
                                               ^
/usr/include/stdio.h:695:12: error: storage class specified for parameter ‘puts’
 extern int puts (const char *__s);
            ^
/usr/include/stdio.h:702:29: error: expected declaration specifiers or ‘...’ before ‘FILE’
 extern int ungetc (int __c, FILE *__stream);
                             ^
/usr/include/stdio.h:709:15: error: expected ‘=’, ‘,’, ‘;’, ‘asm’ or ‘__attribute__’ before ‘fread’
 extern size_t fread (void *__restrict __ptr, size_t __size,
               ^
/usr/include/stdio.h:715:15: error: expected ‘=’, ‘,’, ‘;’, ‘asm’ or ‘__attribute__’ before ‘fwrite’
 extern size_t fwrite (const void *__restrict __ptr, size_t __size,
               ^
/usr/include/stdio.h:737:15: error: expected ‘=’, ‘,’, ‘;’, ‘asm’ or ‘__attribute__’ before ‘fread_unlocked’
 extern size_t fread_unlocked (void *__restrict __ptr, size_t __size,
               ^
/usr/include/stdio.h:739:15: error: expected ‘=’, ‘,’, ‘;’, ‘asm’ or ‘__attribute__’ before ‘fwrite_unlocked’
 extern size_t fwrite_unlocked (const void *__restrict __ptr, size_t __size,
               ^
/usr/include/stdio.h:749:19: error: expected declaration specifiers or ‘...’ before ‘FILE’
 extern int fseek (FILE *__stream, long int __off, int __whence);
                   ^
/usr/include/stdio.h:754:24: error: expected declaration specifiers or ‘...’ before ‘FILE’
 extern long int ftell (FILE *__stream) __wur;
                        ^
/usr/include/stdio.h:759:21: error: expected declaration specifiers or ‘...’ before ‘FILE’
 extern void rewind (FILE *__stream);
                     ^
/usr/include/stdio.h:773:20: error: expected declaration specifiers or ‘...’ before ‘FILE’
 extern int fseeko (FILE *__stream, __off_t __off, int __whence);
                    ^
/usr/include/stdio.h:773:36: error: expected declaration specifiers or ‘...’ before ‘__off_t’
 extern int fseeko (FILE *__stream, __off_t __off, int __whence);
                                    ^
/usr/include/stdio.h:778:16: error: expected ‘=’, ‘,’, ‘;’, ‘asm’ or ‘__attribute__’ before ‘ftello’
 extern __off_t ftello (FILE *__stream) __wur;
                ^
/usr/include/stdio.h:798:21: error: expected declaration specifiers or ‘...’ before ‘FILE’
 extern int fgetpos (FILE *__restrict __stream, fpos_t *__restrict __pos);
                     ^
/usr/include/stdio.h:798:48: error: unknown type name ‘fpos_t’
 extern int fgetpos (FILE *__restrict __stream, fpos_t *__restrict __pos);
                                                ^
/usr/include/stdio.h:803:21: error: expected declaration specifiers or ‘...’ before ‘FILE’
 extern int fsetpos (FILE *__stream, const fpos_t *__pos);
                     ^
/usr/include/stdio.h:803:21: error: unknown type name ‘fpos_t’
/usr/include/stdio.h:826:23: error: expected declaration specifiers or ‘...’ before ‘FILE’
 extern void clearerr (FILE *__stream) __THROW;
                       ^
/usr/include/stdio.h:828:18: error: expected declaration specifiers or ‘...’ before ‘FILE’
 extern int feof (FILE *__stream) __THROW __wur;
                  ^
/usr/include/stdio.h:830:20: error: expected declaration specifiers or ‘...’ before ‘FILE’
 extern int ferror (FILE *__stream) __THROW __wur;
                    ^
/usr/include/stdio.h:835:32: error: expected declaration specifiers or ‘...’ before ‘FILE’
 extern void clearerr_unlocked (FILE *__stream) __THROW;
                                ^
/usr/include/stdio.h:836:27: error: expected declaration specifiers or ‘...’ before ‘FILE’
 extern int feof_unlocked (FILE *__stream) __THROW __wur;
                           ^
/usr/include/stdio.h:837:29: error: expected declaration specifiers or ‘...’ before ‘FILE’
 extern int ferror_unlocked (FILE *__stream) __THROW __wur;
                             ^
/usr/include/stdio.h:846:13: error: storage class specified for parameter ‘perror’
 extern void perror (const char *__s);
             ^
In file included from /usr/include/stdio.h:853:0,
                 from singals.c:5:
/usr/include/x86_64-linux-gnu/bits/sys_errlist.h:26:12: error: storage class specified for parameter ‘sys_nerr’
 extern int sys_nerr;
            ^
/usr/include/x86_64-linux-gnu/bits/sys_errlist.h:27:26: error: storage class specified for parameter ‘sys_errlist’
 extern const char *const sys_errlist[];
                          ^
In file included from singals.c:5:0:
/usr/include/stdio.h:858:20: error: expected declaration specifiers or ‘...’ before ‘FILE’
 extern int fileno (FILE *__stream) __THROW __wur;
                    ^
/usr/include/stdio.h:863:29: error: expected declaration specifiers or ‘...’ before ‘FILE’
 extern int fileno_unlocked (FILE *__stream) __THROW __wur;
                             ^
/usr/include/stdio.h:873:13: error: expected ‘=’, ‘,’, ‘;’, ‘asm’ or ‘__attribute__’ before ‘*’ token
 extern FILE *popen (const char *__command, const char *__modes) __wur;
             ^
/usr/include/stdio.h:879:20: error: expected declaration specifiers or ‘...’ before ‘FILE’
 extern int pclose (FILE *__stream);
                    ^
/usr/include/stdio.h:885:14: error: storage class specified for parameter ‘ctermid’
 extern char *ctermid (char *__s) __THROW;
              ^
/usr/include/stdio.h:913:24: error: expected declaration specifiers or ‘...’ before ‘FILE’
 extern void flockfile (FILE *__stream) __THROW;
                        ^
/usr/include/stdio.h:917:26: error: expected declaration specifiers or ‘...’ before ‘FILE’
 extern int ftrylockfile (FILE *__stream) __THROW __wur;
                          ^
/usr/include/stdio.h:920:26: error: expected declaration specifiers or ‘...’ before ‘FILE’
 extern void funlockfile (FILE *__stream) __THROW;
                          ^
In file included from singals.c:6:0:
/usr/include/unistd.h:255:22: error: expected ‘=’, ‘,’, ‘;’, ‘asm’ or ‘__attribute__’ before ‘useconds_t’
 typedef __useconds_t useconds_t;
                      ^
/usr/include/unistd.h:267:20: error: expected ‘=’, ‘,’, ‘;’, ‘asm’ or ‘__attribute__’ before ‘intptr_t’
 typedef __intptr_t intptr_t;
                    ^
/usr/include/unistd.h:274:21: error: expected ‘=’, ‘,’, ‘;’, ‘asm’ or ‘__attribute__’ before ‘socklen_t’
 typedef __socklen_t socklen_t;
                     ^
/usr/include/unistd.h:287:12: error: storage class specified for parameter ‘access’
 extern int access (const char *__name, int __type) __THROW __nonnull ((1));
            ^
/usr/include/unistd.h:304:12: error: storage class specified for parameter ‘faccessat’
 extern int faccessat (int __fd, const char *__file, int __type, int __flag)
            ^
/usr/include/unistd.h:334:16: error: expected ‘=’, ‘,’, ‘;’, ‘asm’ or ‘__attribute__’ before ‘lseek’
 extern __off_t lseek (int __fd, __off_t __offset, int __whence) __THROW;
                ^
/usr/include/unistd.h:353:12: error: storage class specified for parameter ‘close’
 extern int close (int __fd);
            ^
/usr/include/unistd.h:360:1: error: unknown type name ‘ssize_t’
 extern ssize_t read (int __fd, void *__buf, size_t __nbytes) __wur;
 ^
/usr/include/unistd.h:360:45: error: expected declaration specifiers or ‘...’ before ‘size_t’
 extern ssize_t read (int __fd, void *__buf, size_t __nbytes) __wur;
                                             ^
/usr/include/unistd.h:366:1: error: unknown type name ‘ssize_t’
 extern ssize_t write (int __fd, const void *__buf, size_t __n) __wur;
 ^
/usr/include/unistd.h:366:52: error: expected declaration specifiers or ‘...’ before ‘size_t’
 extern ssize_t write (int __fd, const void *__buf, size_t __n) __wur;
                                                    ^
/usr/include/unistd.h:376:1: error: unknown type name ‘ssize_t’
 extern ssize_t pread (int __fd, void *__buf, size_t __nbytes,
 ^
/usr/include/unistd.h:376:46: error: expected declaration specifiers or ‘...’ before ‘size_t’
 extern ssize_t pread (int __fd, void *__buf, size_t __nbytes,
                                              ^
/usr/include/unistd.h:377:9: error: expected declaration specifiers or ‘...’ before ‘__off_t’
         __off_t __offset) __wur;
         ^
/usr/include/unistd.h:384:1: error: unknown type name ‘ssize_t’
 extern ssize_t pwrite (int __fd, const void *__buf, size_t __n,
 ^
/usr/include/unistd.h:384:53: error: expected declaration specifiers or ‘...’ before ‘size_t’
 extern ssize_t pwrite (int __fd, const void *__buf, size_t __n,
                                                     ^
/usr/include/unistd.h:385:10: error: expected declaration specifiers or ‘...’ before ‘__off_t’
          __off_t __offset) __wur;
          ^
/usr/include/unistd.h:417:12: error: storage class specified for parameter ‘pipe’
 extern int pipe (int __pipedes[2]) __THROW __wur;
            ^
/usr/include/unistd.h:432:21: error: storage class specified for parameter ‘alarm’
 extern unsigned int alarm (unsigned int __seconds) __THROW;
                     ^
/usr/include/unistd.h:444:21: error: storage class specified for parameter ‘sleep’
 extern unsigned int sleep (unsigned int __seconds);
                     ^
/usr/include/unistd.h:452:21: error: expected ‘=’, ‘,’, ‘;’, ‘asm’ or ‘__attribute__’ before ‘ualarm’
 extern __useconds_t ualarm (__useconds_t __value, __useconds_t __interval)
                     ^
/usr/include/unistd.h:460:20: error: expected declaration specifiers or ‘...’ before ‘__useconds_t’
 extern int usleep (__useconds_t __useconds);
                    ^
/usr/include/unistd.h:469:12: error: storage class specified for parameter ‘pause’
 extern int pause (void);
            ^
/usr/include/unistd.h:473:39: error: expected declaration specifiers or ‘...’ before ‘__uid_t’
 extern int chown (const char *__file, __uid_t __owner, __gid_t __group)
                                       ^
/usr/include/unistd.h:473:56: error: expected declaration specifiers or ‘...’ before ‘__gid_t’
 extern int chown (const char *__file, __uid_t __owner, __gid_t __group)
                                                        ^
/usr/include/unistd.h:478:30: error: expected declaration specifiers or ‘...’ before ‘__uid_t’
 extern int fchown (int __fd, __uid_t __owner, __gid_t __group) __THROW __wur;
                              ^
/usr/include/unistd.h:478:47: error: expected declaration specifiers or ‘...’ before ‘__gid_t’
 extern int fchown (int __fd, __uid_t __owner, __gid_t __group) __THROW __wur;
                                               ^
/usr/include/unistd.h:483:40: error: expected declaration specifiers or ‘...’ before ‘__uid_t’
 extern int lchown (const char *__file, __uid_t __owner, __gid_t __group)
                                        ^
/usr/include/unistd.h:483:57: error: expected declaration specifiers or ‘...’ before ‘__gid_t’
 extern int lchown (const char *__file, __uid_t __owner, __gid_t __group)
                                                         ^
/usr/include/unistd.h:491:52: error: expected declaration specifiers or ‘...’ before ‘__uid_t’
 extern int fchownat (int __fd, const char *__file, __uid_t __owner,
                                                    ^
/usr/include/unistd.h:492:8: error: expected declaration specifiers or ‘...’ before ‘__gid_t’
        __gid_t __group, int __flag)
        ^
/usr/include/unistd.h:497:12: error: storage class specified for parameter ‘chdir’
 extern int chdir (const char *__path) __THROW __nonnull ((1)) __wur;
            ^
/usr/include/unistd.h:501:12: error: storage class specified for parameter ‘fchdir’
 extern int fchdir (int __fd) __THROW __wur;
            ^
/usr/include/unistd.h:511:35: error: expected declaration specifiers or ‘...’ before ‘size_t’
 extern char *getcwd (char *__buf, size_t __size) __THROW __wur;
                                   ^
/usr/include/unistd.h:525:14: error: storage class specified for parameter ‘getwd’
 extern char *getwd (char *__buf)
              ^
/usr/include/unistd.h:531:12: error: storage class specified for parameter ‘dup’
 extern int dup (int __fd) __THROW __wur;
            ^
/usr/include/unistd.h:534:12: error: storage class specified for parameter ‘dup2’
 extern int dup2 (int __fd, int __fd2) __THROW;
            ^
/usr/include/unistd.h:543:15: error: storage class specified for parameter ‘__environ’
 extern char **__environ;
               ^
/usr/include/unistd.h:551:12: error: storage class specified for parameter ‘execve’
 extern int execve (const char *__path, char *const __argv[],
            ^
/usr/include/unistd.h:557:12: error: storage class specified for parameter ‘fexecve’
 extern int fexecve (int __fd, char *const __argv[], char *const __envp[])
            ^
/usr/include/unistd.h:563:12: error: storage class specified for parameter ‘execv’
 extern int execv (const char *__path, char *const __argv[])
            ^
/usr/include/unistd.h:568:12: error: storage class specified for parameter ‘execle’
 extern int execle (const char *__path, const char *__arg, ...)
            ^
/usr/include/unistd.h:573:12: error: storage class specified for parameter ‘execl’
 extern int execl (const char *__path, const char *__arg, ...)
            ^
/usr/include/unistd.h:578:12: error: storage class specified for parameter ‘execvp’
 extern int execvp (const char *__file, char *const __argv[])
            ^
/usr/include/unistd.h:584:12: error: storage class specified for parameter ‘execlp’
 extern int execlp (const char *__file, const char *__arg, ...)
            ^
/usr/include/unistd.h:598:12: error: storage class specified for parameter ‘nice’
 extern int nice (int __inc) __THROW __wur;
            ^
/usr/include/unistd.h:603:13: error: storage class specified for parameter ‘_exit’
 extern void _exit (int __status) __attribute__ ((__noreturn__));
             ^
In file included from singals.c:6:0:
/usr/include/unistd.h:612:17: error: storage class specified for parameter ‘pathconf’
 extern long int pathconf (const char *__path, int __name)
                 ^
/usr/include/unistd.h:616:17: error: storage class specified for parameter ‘fpathconf’
 extern long int fpathconf (int __fd, int __name) __THROW;
                 ^
/usr/include/unistd.h:619:17: error: storage class specified for parameter ‘sysconf’
 extern long int sysconf (int __name) __THROW;
                 ^
/usr/include/unistd.h:623:15: error: expected ‘=’, ‘,’, ‘;’, ‘asm’ or ‘__attribute__’ before ‘confstr’
 extern size_t confstr (int __name, char *__buf, size_t __len) __THROW;
               ^
/usr/include/unistd.h:628:16: error: expected ‘=’, ‘,’, ‘;’, ‘asm’ or ‘__attribute__’ before ‘getpid’
 extern __pid_t getpid (void) __THROW;
                ^
/usr/include/unistd.h:631:16: error: expected ‘=’, ‘,’, ‘;’, ‘asm’ or ‘__attribute__’ before ‘getppid’
 extern __pid_t getppid (void) __THROW;
                ^
/usr/include/unistd.h:634:16: error: expected ‘=’, ‘,’, ‘;’, ‘asm’ or ‘__attribute__’ before ‘getpgrp’
 extern __pid_t getpgrp (void) __THROW;
                ^
/usr/include/unistd.h:637:16: error: expected ‘=’, ‘,’, ‘;’, ‘asm’ or ‘__attribute__’ before ‘__getpgid’
 extern __pid_t __getpgid (__pid_t __pid) __THROW;
                ^
/usr/include/unistd.h:639:16: error: expected ‘=’, ‘,’, ‘;’, ‘asm’ or ‘__attribute__’ before ‘getpgid’
 extern __pid_t getpgid (__pid_t __pid) __THROW;
                ^
/usr/include/unistd.h:646:21: error: expected declaration specifiers or ‘...’ before ‘__pid_t’
 extern int setpgid (__pid_t __pid, __pid_t __pgid) __THROW;
                     ^
/usr/include/unistd.h:646:36: error: expected declaration specifiers or ‘...’ before ‘__pid_t’
 extern int setpgid (__pid_t __pid, __pid_t __pgid) __THROW;
                                    ^
/usr/include/unistd.h:660:12: error: storage class specified for parameter ‘setpgrp’
 extern int setpgrp (void) __THROW;
            ^
/usr/include/unistd.h:667:16: error: expected ‘=’, ‘,’, ‘;’, ‘asm’ or ‘__attribute__’ before ‘setsid’
 extern __pid_t setsid (void) __THROW;
                ^
/usr/include/unistd.h:671:16: error: expected ‘=’, ‘,’, ‘;’, ‘asm’ or ‘__attribute__’ before ‘getsid’
 extern __pid_t getsid (__pid_t __pid) __THROW;
                ^
/usr/include/unistd.h:675:16: error: expected ‘=’, ‘,’, ‘;’, ‘asm’ or ‘__attribute__’ before ‘getuid’
 extern __uid_t getuid (void) __THROW;
                ^
/usr/include/unistd.h:678:16: error: expected ‘=’, ‘,’, ‘;’, ‘asm’ or ‘__attribute__’ before ‘geteuid’
 extern __uid_t geteuid (void) __THROW;
                ^
/usr/include/unistd.h:681:16: error: expected ‘=’, ‘,’, ‘;’, ‘asm’ or ‘__attribute__’ before ‘getgid’
 extern __gid_t getgid (void) __THROW;
                ^
/usr/include/unistd.h:684:16: error: expected ‘=’, ‘,’, ‘;’, ‘asm’ or ‘__attribute__’ before ‘getegid’
 extern __gid_t getegid (void) __THROW;
                ^
/usr/include/unistd.h:689:35: error: expected declaration specifiers or ‘...’ before ‘__gid_t’
 extern int getgroups (int __size, __gid_t __list[]) __THROW __wur;
                                   ^
/usr/include/unistd.h:700:20: error: expected declaration specifiers or ‘...’ before ‘__uid_t’
 extern int setuid (__uid_t __uid) __THROW __wur;
                    ^
/usr/include/unistd.h:705:22: error: expected declaration specifiers or ‘...’ before ‘__uid_t’
 extern int setreuid (__uid_t __ruid, __uid_t __euid) __THROW __wur;
                      ^
/usr/include/unistd.h:705:38: error: expected declaration specifiers or ‘...’ before ‘__uid_t’
 extern int setreuid (__uid_t __ruid, __uid_t __euid) __THROW __wur;
                                      ^
/usr/include/unistd.h:710:21: error: expected declaration specifiers or ‘...’ before ‘__uid_t’
 extern int seteuid (__uid_t __uid) __THROW __wur;
                     ^
/usr/include/unistd.h:717:20: error: expected declaration specifiers or ‘...’ before ‘__gid_t’
 extern int setgid (__gid_t __gid) __THROW __wur;
                    ^
/usr/include/unistd.h:722:22: error: expected declaration specifiers or ‘...’ before ‘__gid_t’
 extern int setregid (__gid_t __rgid, __gid_t __egid) __THROW __wur;
                      ^
/usr/include/unistd.h:722:38: error: expected declaration specifiers or ‘...’ before ‘__gid_t’
 extern int setregid (__gid_t __rgid, __gid_t __egid) __THROW __wur;
                                      ^
/usr/include/unistd.h:727:21: error: expected declaration specifiers or ‘...’ before ‘__gid_t’
 extern int setegid (__gid_t __gid) __THROW __wur;
                     ^
/usr/include/unistd.h:756:16: error: expected ‘=’, ‘,’, ‘;’, ‘asm’ or ‘__attribute__’ before ‘fork’
 extern __pid_t fork (void) __THROWNL;
                ^
/usr/include/unistd.h:764:16: error: expected ‘=’, ‘,’, ‘;’, ‘asm’ or ‘__attribute__’ before ‘vfork’
 extern __pid_t vfork (void) __THROW;
                ^
/usr/include/unistd.h:770:14: error: storage class specified for parameter ‘ttyname’
 extern char *ttyname (int __fd) __THROW;
              ^
/usr/include/unistd.h:774:46: error: expected declaration specifiers or ‘...’ before ‘size_t’
 extern int ttyname_r (int __fd, char *__buf, size_t __buflen)
                                              ^
/usr/include/unistd.h:779:12: error: storage class specified for parameter ‘isatty’
 extern int isatty (int __fd) __THROW;
            ^
/usr/include/unistd.h:785:12: error: storage class specified for parameter ‘ttyslot’
 extern int ttyslot (void) __THROW;
            ^
/usr/include/unistd.h:790:12: error: storage class specified for parameter ‘link’
 extern int link (const char *__from, const char *__to)
            ^
/usr/include/unistd.h:796:12: error: storage class specified for parameter ‘linkat’
 extern int linkat (int __fromfd, const char *__from, int __tofd,
            ^
/usr/include/unistd.h:803:12: error: storage class specified for parameter ‘symlink’
 extern int symlink (const char *__from, const char *__to)
            ^
/usr/include/unistd.h:809:1: error: unknown type name ‘ssize_t’
 extern ssize_t readlink (const char *__restrict __path,
 ^
/usr/include/unistd.h:810:29: error: expected declaration specifiers or ‘...’ before ‘size_t’
     char *__restrict __buf, size_t __len)
                             ^
/usr/include/unistd.h:816:12: error: storage class specified for parameter ‘symlinkat’
 extern int symlinkat (const char *__from, int __tofd,
            ^
/usr/include/unistd.h:820:1: error: unknown type name ‘ssize_t’
 extern ssize_t readlinkat (int __fd, const char *__restrict __path,
 ^
/usr/include/unistd.h:821:31: error: expected declaration specifiers or ‘...’ before ‘size_t’
       char *__restrict __buf, size_t __len)
                               ^
/usr/include/unistd.h:826:12: error: storage class specified for parameter ‘unlink’
 extern int unlink (const char *__name) __THROW __nonnull ((1));
            ^
/usr/include/unistd.h:830:12: error: storage class specified for parameter ‘unlinkat’
 extern int unlinkat (int __fd, const char *__name, int __flag)
            ^
/usr/include/unistd.h:835:12: error: storage class specified for parameter ‘rmdir’
 extern int rmdir (const char *__path) __THROW __nonnull ((1));
            ^
/usr/include/unistd.h:839:16: error: expected ‘=’, ‘,’, ‘;’, ‘asm’ or ‘__attribute__’ before ‘tcgetpgrp’
 extern __pid_t tcgetpgrp (int __fd) __THROW;
                ^
/usr/include/unistd.h:842:33: error: expected declaration specifiers or ‘...’ before ‘__pid_t’
 extern int tcsetpgrp (int __fd, __pid_t __pgrp_id) __THROW;
                                 ^
/usr/include/unistd.h:849:14: error: storage class specified for parameter ‘getlogin’
 extern char *getlogin (void);
              ^
/usr/include/unistd.h:857:38: error: expected declaration specifiers or ‘...’ before ‘size_t’
 extern int getlogin_r (char *__name, size_t __name_len) __nonnull ((1));
                                      ^
/usr/include/unistd.h:862:12: error: storage class specified for parameter ‘setlogin’
 extern int setlogin (const char *__name) __THROW __nonnull ((1));
            ^
In file included from /usr/include/unistd.h:871:0,
                 from singals.c:6:
/usr/include/getopt.h:57:14: error: storage class specified for parameter ‘optarg’
 extern char *optarg;
              ^
/usr/include/getopt.h:71:12: error: storage class specified for parameter ‘optind’
 extern int optind;
            ^
/usr/include/getopt.h:76:12: error: storage class specified for parameter ‘opterr’
 extern int opterr;
            ^
/usr/include/getopt.h:80:12: error: storage class specified for parameter ‘optopt’
 extern int optopt;
            ^
/usr/include/getopt.h:150:12: error: storage class specified for parameter ‘getopt’
 extern int getopt (int ___argc, char *const *___argv, const char *__shortopts)
            ^
In file included from singals.c:6:0:
/usr/include/unistd.h:879:39: error: expected declaration specifiers or ‘...’ before ‘size_t’
 extern int gethostname (char *__name, size_t __len) __THROW __nonnull ((1));
                                       ^
/usr/include/unistd.h:886:45: error: expected declaration specifiers or ‘...’ before ‘size_t’
 extern int sethostname (const char *__name, size_t __len)
                                             ^
/usr/include/unistd.h:891:12: error: storage class specified for parameter ‘sethostid’
 extern int sethostid (long int __id) __THROW __wur;
            ^
/usr/include/unistd.h:897:41: error: expected declaration specifiers or ‘...’ before ‘size_t’
 extern int getdomainname (char *__name, size_t __len)
                                         ^
/usr/include/unistd.h:899:47: error: expected declaration specifiers or ‘...’ before ‘size_t’
 extern int setdomainname (const char *__name, size_t __len)
                                               ^
/usr/include/unistd.h:906:12: error: storage class specified for parameter ‘vhangup’
 extern int vhangup (void) __THROW;
            ^
/usr/include/unistd.h:909:12: error: storage class specified for parameter ‘revoke’
 extern int revoke (const char *__file) __THROW __nonnull ((1)) __wur;
            ^
/usr/include/unistd.h:917:57: error: expected declaration specifiers or ‘...’ before ‘size_t’
 extern int profil (unsigned short int *__sample_buffer, size_t __size,
                                                         ^
/usr/include/unistd.h:918:6: error: expected declaration specifiers or ‘...’ before ‘size_t’
      size_t __offset, unsigned int __scale)
      ^
/usr/include/unistd.h:925:12: error: storage class specified for parameter ‘acct’
 extern int acct (const char *__name) __THROW;
            ^
/usr/include/unistd.h:929:14: error: storage class specified for parameter ‘getusershell’
 extern char *getusershell (void) __THROW;
              ^
/usr/include/unistd.h:930:13: error: storage class specified for parameter ‘endusershell’
 extern void endusershell (void) __THROW; /* Discard cached info.  */
             ^
/usr/include/unistd.h:931:13: error: storage class specified for parameter ‘setusershell’
 extern void setusershell (void) __THROW; /* Rewind and re-read the file.  */
             ^
/usr/include/unistd.h:937:12: error: storage class specified for parameter ‘daemon’
 extern int daemon (int __nochdir, int __noclose) __THROW __wur;
            ^
/usr/include/unistd.h:944:12: error: storage class specified for parameter ‘chroot’
 extern int chroot (const char *__path) __THROW __nonnull ((1)) __wur;
            ^
/usr/include/unistd.h:948:14: error: storage class specified for parameter ‘getpass’
 extern char *getpass (const char *__prompt) __nonnull ((1));
              ^
/usr/include/unistd.h:956:12: error: storage class specified for parameter ‘fsync’
 extern int fsync (int __fd);
            ^
/usr/include/unistd.h:969:17: error: storage class specified for parameter ‘gethostid’
 extern long int gethostid (void);
                 ^
/usr/include/unistd.h:972:13: error: storage class specified for parameter ‘sync’
 extern void sync (void) __THROW;
             ^
/usr/include/unistd.h:978:12: error: storage class specified for parameter ‘getpagesize’
 extern int getpagesize (void)  __THROW __attribute__ ((__const__));
            ^
/usr/include/unistd.h:983:12: error: storage class specified for parameter ‘getdtablesize’
 extern int getdtablesize (void) __THROW;
            ^
/usr/include/unistd.h:993:42: error: expected declaration specifiers or ‘...’ before ‘__off_t’
 extern int truncate (const char *__file, __off_t __length)
                                          ^
/usr/include/unistd.h:1016:33: error: expected declaration specifiers or ‘...’ before ‘__off_t’
 extern int ftruncate (int __fd, __off_t __length) __THROW __wur;
                                 ^
/usr/include/unistd.h:1037:12: error: storage class specified for parameter ‘brk’
 extern int brk (void *__addr) __THROW __wur;
            ^
/usr/include/unistd.h:1043:20: error: unknown type name ‘intptr_t’
 extern void *sbrk (intptr_t __delta) __THROW;
                    ^
/usr/include/unistd.h:1058:17: error: storage class specified for parameter ‘syscall’
 extern long int syscall (long int __sysno, ...) __THROW;
                 ^
/usr/include/unistd.h:1081:40: error: expected declaration specifiers or ‘...’ before ‘__off_t’
 extern int lockf (int __fd, int __cmd, __off_t __len) __wur;
                                        ^
/usr/include/unistd.h:1112:12: error: storage class specified for parameter ‘fdatasync’
 extern int fdatasync (int __fildes);
            ^
In file included from singals.c:7:0:
/usr/include/x86_64-linux-gnu/sys/wait.h:102:16: error: expected ‘=’, ‘,’, ‘;’, ‘asm’ or ‘__attribute__’ before ‘wait’
 extern __pid_t wait (__WAIT_STATUS __stat_loc);
                ^
/usr/include/x86_64-linux-gnu/sys/wait.h:125:16: error: expected ‘=’, ‘,’, ‘;’, ‘asm’ or ‘__attribute__’ before ‘waitpid’
 extern __pid_t waitpid (__pid_t __pid, int *__stat_loc, int __options);
                ^
In file included from singals.c:7:0:
/usr/include/x86_64-linux-gnu/sys/wait.h:148:20: error: expected declaration specifiers or ‘...’ before ‘idtype_t’
 extern int waitid (idtype_t __idtype, __id_t __id, siginfo_t *__infop,
                    ^
/usr/include/x86_64-linux-gnu/sys/wait.h:148:39: error: expected declaration specifiers or ‘...’ before ‘__id_t’
 extern int waitid (idtype_t __idtype, __id_t __id, siginfo_t *__infop,
                                       ^
/usr/include/x86_64-linux-gnu/sys/wait.h:148:52: error: expected declaration specifiers or ‘...’ before ‘siginfo_t’
 extern int waitid (idtype_t __idtype, __id_t __id, siginfo_t *__infop,
                                                    ^
/usr/include/x86_64-linux-gnu/sys/wait.h:162:16: error: expected ‘=’, ‘,’, ‘;’, ‘asm’ or ‘__attribute__’ before ‘wait3’
 extern __pid_t wait3 (__WAIT_STATUS __stat_loc, int __options,
                ^
/usr/include/x86_64-linux-gnu/sys/wait.h:168:16: error: expected ‘=’, ‘,’, ‘;’, ‘asm’ or ‘__attribute__’ before ‘wait4’
 extern __pid_t wait4 (__pid_t __pid, __WAIT_STATUS __stat_loc, int __options,
                ^
In file included from /usr/include/sched.h:41:0,
                 from singals.c:8:
/usr/include/x86_64-linux-gnu/bits/sched.h:118:27: error: storage class specified for parameter ‘__cpu_mask’
 typedef unsigned long int __cpu_mask;
                           ^
/usr/include/x86_64-linux-gnu/bits/sched.h:127:3: error: expected specifier-qualifier-list before ‘__cpu_mask’
   __cpu_mask __bits[__CPU_SETSIZE / __NCPUBITS];
   ^
/usr/include/x86_64-linux-gnu/bits/sched.h:128:3: error: storage class specified for parameter ‘cpu_set_t’
 } cpu_set_t;
   ^
/usr/include/x86_64-linux-gnu/bits/sched.h:203:30: error: expected declaration specifiers or ‘...’ before ‘size_t’
 extern int __sched_cpucount (size_t __setsize, const cpu_set_t *__setp)
                              ^
/usr/include/x86_64-linux-gnu/bits/sched.h:203:64: error: expected ‘;’, ‘,’ or ‘)’ before ‘*’ token
 extern int __sched_cpucount (size_t __setsize, const cpu_set_t *__setp)
                                                                ^
/usr/include/x86_64-linux-gnu/bits/sched.h:205:18: error: expected ‘=’, ‘,’, ‘;’, ‘asm’ or ‘__attribute__’ before ‘*’ token
 extern cpu_set_t *__sched_cpualloc (size_t __count) __THROW __wur;
                  ^
/usr/include/x86_64-linux-gnu/bits/sched.h:206:30: error: expected declaration specifiers or ‘...’ before ‘cpu_set_t’
 extern void __sched_cpufree (cpu_set_t *__set) __THROW;
                              ^
In file included from singals.c:8:0:
/usr/include/sched.h:49:28: error: expected declaration specifiers or ‘...’ before ‘__pid_t’
 extern int sched_setparam (__pid_t __pid, const struct sched_param *__param)
                            ^
/usr/include/sched.h:53:28: error: expected declaration specifiers or ‘...’ before ‘__pid_t’
 extern int sched_getparam (__pid_t __pid, struct sched_param *__param) __THROW;
                            ^
/usr/include/sched.h:56:32: error: expected declaration specifiers or ‘...’ before ‘__pid_t’
 extern int sched_setscheduler (__pid_t __pid, int __policy,
                                ^
/usr/include/sched.h:60:32: error: expected declaration specifiers or ‘...’ before ‘__pid_t’
 extern int sched_getscheduler (__pid_t __pid) __THROW;
                                ^
/usr/include/sched.h:63:12: error: storage class specified for parameter ‘sched_yield’
 extern int sched_yield (void) __THROW;
            ^
/usr/include/sched.h:66:12: error: storage class specified for parameter ‘sched_get_priority_max’
 extern int sched_get_priority_max (int __algorithm) __THROW;
            ^
/usr/include/sched.h:69:12: error: storage class specified for parameter ‘sched_get_priority_min’
 extern int sched_get_priority_min (int __algorithm) __THROW;
            ^
/usr/include/sched.h:72:35: error: expected declaration specifiers or ‘...’ before ‘__pid_t’
 extern int sched_rr_get_interval (__pid_t __pid, struct timespec *__t) __THROW;
                                   ^
singals.c:16:1: error: parameter ‘signal_counter’ is initialized
 int signal_counter = 0;
 ^
singals.c:17:1: error: parameter ‘should_end’ is initialized
 int should_end = 0;
 ^
singals.c:19:1: error: unknown type name ‘sigset_t’
 sigset_t *mask;
 ^
singals.c:21:35: error: expected ‘=’, ‘,’, ‘;’, ‘asm’ or ‘__attribute__’ before ‘{’ token
 int main(int argc, char * argv[]) {
                                   ^
singals.c:56:30: error: expected ‘=’, ‘,’, ‘;’, ‘asm’ or ‘__attribute__’ before ‘{’ token
 void execute_child_process() {
                              ^
singals.c:64:61: error: expected ‘=’, ‘,’, ‘;’, ‘asm’ or ‘__attribute__’ before ‘{’ token
 void execute_parent_process(int num_signals, int child_pid) {
                                                             ^
singals.c:78:38: error: expected ‘=’, ‘,’, ‘;’, ‘asm’ or ‘__attribute__’ before ‘{’ token
 void child_signal_handler(int signo) {
                                      ^
singals.c:103:39: error: expected ‘=’, ‘,’, ‘;’, ‘asm’ or ‘__attribute__’ before ‘{’ token
 void parent_signal_handler(int signo) {
                                       ^
In file included from singals.c:1:0:
singals.h:7:6: error: old-style parameter declarations in prototyped function definition
 void child_signal_handler(int signo)
      ^
singals.c:121:1: error: expected ‘{’ at end of input
 }
 ^
